2014-10-11 15:16:23.816 [http-nio-8080-exec-3] INFO  com.p2p.global.LoggingFilter - Request: session id=4176D05A777486E5C99D1CC0B1C5E9C3; uri=/P2P/string?name=%E4%BD%A0%E5%A5%BD
2014-10-11 15:16:23.871 [http-nio-8080-exec-3] INFO  com.p2p.global.LoggingFilter - Request: session id=4176D05A777486E5C99D1CC0B1C5E9C3; uri=/P2P/string?name=%E4%BD%A0%E5%A5%BD; Response: status=200
2014-10-11 15:17:25.069 [http-nio-8080-exec-3] INFO  com.p2p.global.LoggingFilter - Request: session id=4176D05A777486E5C99D1CC0B1C5E9C3; uri=/P2P/string?name=%E4%BD%A0%E5%A5%BD
2014-10-11 15:17:25.120 [http-nio-8080-exec-3] INFO  com.p2p.global.LoggingFilter - Request: session id=4176D05A777486E5C99D1CC0B1C5E9C3; uri=/P2P/string?name=%E4%BD%A0%E5%A5%BD; Response: status=200
2014-10-11 15:17:38.603 [http-nio-8080-exec-6] INFO  com.p2p.global.LoggingFilter - Request: session id=4176D05A777486E5C99D1CC0B1C5E9C3; uri=/P2P/err
2014-10-11 15:17:38.606 [http-nio-8080-exec-6] INFO  com.p2p.global.LoggingFilter - Request: session id=4176D05A777486E5C99D1CC0B1C5E9C3; uri=/P2P/err; Response: status=200
2014-10-11 15:23:06.875 [http-nio-8080-exec-7] INFO  com.p2p.global.LoggingFilter - Request: session id=4176D05A777486E5C99D1CC0B1C5E9C3; uri=/P2P/json?name=%E4%BD%A0%E5%A5%BD
2014-10-11 15:23:06.901 [http-nio-8080-exec-7] INFO  com.p2p.global.LoggingFilter - Request: session id=4176D05A777486E5C99D1CC0B1C5E9C3; uri=/P2P/json?name=%E4%BD%A0%E5%A5%BD; Response: status=200
2014-10-11 15:23:11.231 [http-nio-8080-exec-6] INFO  com.p2p.global.LoggingFilter - Request: session id=4176D05A777486E5C99D1CC0B1C5E9C3; uri=/P2P/string?name=%E4%BD%A0%E5%A5%BD
2014-10-11 15:23:11.241 [http-nio-8080-exec-6] INFO  com.p2p.global.LoggingFilter - Request: session id=4176D05A777486E5C99D1CC0B1C5E9C3; uri=/P2P/string?name=%E4%BD%A0%E5%A5%BD; Response: status=200
2014-10-11 15:23:28.502 [http-nio-8080-exec-1] INFO  com.p2p.global.LoggingFilter - Request: session id=4176D05A777486E5C99D1CC0B1C5E9C3; uri=/P2P/jsp
2014-10-11 15:23:28.541 [http-nio-8080-exec-1] INFO  com.p2p.global.LoggingFilter - Request: session id=4176D05A777486E5C99D1CC0B1C5E9C3; uri=/P2P/jsp; Response: status=200
2014-10-11 15:24:11.491 [http-nio-8080-exec-6] INFO  com.p2p.global.LoggingFilter - Request: session id=4176D05A777486E5C99D1CC0B1C5E9C3; uri=/P2P/jsp
2014-10-11 15:24:11.493 [http-nio-8080-exec-6] INFO  com.p2p.global.LoggingFilter - Request: session id=4176D05A777486E5C99D1CC0B1C5E9C3; uri=/P2P/jsp; Response: status=200
2014-10-11 15:28:13.690 [http-nio-8080-exec-3] INFO  com.p2p.global.LoggingFilter - Request: session id=4176D05A777486E5C99D1CC0B1C5E9C3; uri=/P2P/jsp
2014-10-11 15:28:13.735 [http-nio-8080-exec-3] INFO  com.p2p.global.LoggingFilter - Request: session id=4176D05A777486E5C99D1CC0B1C5E9C3; uri=/P2P/jsp; Response: status=200
2014-10-11 15:28:18.303 [http-nio-8080-exec-4] INFO  com.p2p.global.LoggingFilter - Request: session id=4176D05A777486E5C99D1CC0B1C5E9C3; uri=/P2P/string?name=%E4%BD%A0%E5%A5%BD
2014-10-11 15:28:18.306 [http-nio-8080-exec-4] INFO  com.p2p.global.LoggingFilter - Request: session id=4176D05A777486E5C99D1CC0B1C5E9C3; uri=/P2P/string?name=%E4%BD%A0%E5%A5%BD; Response: status=200
2014-10-11 15:28:26.678 [http-nio-8080-exec-8] INFO  com.p2p.global.LoggingFilter - Request: session id=4176D05A777486E5C99D1CC0B1C5E9C3; uri=/P2P/json?name=%E4%BD%A0%E5%A5%BD
2014-10-11 15:28:26.704 [http-nio-8080-exec-8] INFO  com.p2p.global.LoggingFilter - Request: session id=4176D05A777486E5C99D1CC0B1C5E9C3; uri=/P2P/json?name=%E4%BD%A0%E5%A5%BD; Response: status=200
2014-10-11 15:28:35.529 [http-nio-8080-exec-1] INFO  com.p2p.global.LoggingFilter - Request: session id=4176D05A777486E5C99D1CC0B1C5E9C3; uri=/P2P/jsop
2014-10-11 15:28:35.529 [http-nio-8080-exec-1] INFO  com.p2p.global.LoggingFilter - Request: session id=4176D05A777486E5C99D1CC0B1C5E9C3; uri=/P2P/jsop; Response: status=404
2014-10-11 15:28:38.082 [http-nio-8080-exec-2] INFO  com.p2p.global.LoggingFilter - Request: session id=4176D05A777486E5C99D1CC0B1C5E9C3; uri=/P2P/jsp
2014-10-11 15:28:38.082 [http-nio-8080-exec-2] INFO  com.p2p.global.LoggingFilter - Request: session id=4176D05A777486E5C99D1CC0B1C5E9C3; uri=/P2P/jsp; Response: status=200
2014-10-11 15:28:51.668 [http-nio-8080-exec-12] INFO  com.p2p.global.LoggingFilter - Request: session id=4176D05A777486E5C99D1CC0B1C5E9C3; uri=/P2P/json?name=%E4%BD%A0%E5%A5%BD
2014-10-11 15:28:51.748 [http-nio-8080-exec-12] INFO  com.p2p.global.LoggingFilter - Request: session id=4176D05A777486E5C99D1CC0B1C5E9C3; uri=/P2P/json?name=%E4%BD%A0%E5%A5%BD; Response: status=200
2014-10-11 15:28:53.404 [http-nio-8080-exec-20] INFO  com.p2p.global.LoggingFilter - Request: session id=4176D05A777486E5C99D1CC0B1C5E9C3; uri=/P2P/string?name=%E4%BD%A0%E5%A5%BD
2014-10-11 15:28:53.404 [http-nio-8080-exec-20] INFO  com.p2p.global.LoggingFilter - Request: session id=4176D05A777486E5C99D1CC0B1C5E9C3; uri=/P2P/string?name=%E4%BD%A0%E5%A5%BD; Response: status=200
2014-10-11 15:28:53.887 [http-nio-8080-exec-14] INFO  com.p2p.global.LoggingFilter - Request: session id=4176D05A777486E5C99D1CC0B1C5E9C3; uri=/P2P/string?name=%E4%BD%A0%E5%A5%BD
2014-10-11 15:28:53.887 [http-nio-8080-exec-14] INFO  com.p2p.global.LoggingFilter - Request: session id=4176D05A777486E5C99D1CC0B1C5E9C3; uri=/P2P/string?name=%E4%BD%A0%E5%A5%BD; Response: status=200
2014-10-11 15:28:57.328 [http-nio-8080-exec-15] INFO  com.p2p.global.LoggingFilter - Request: session id=4176D05A777486E5C99D1CC0B1C5E9C3; uri=/P2P/jsp
2014-10-11 15:28:57.329 [http-nio-8080-exec-15] INFO  com.p2p.global.LoggingFilter - Request: session id=4176D05A777486E5C99D1CC0B1C5E9C3; uri=/P2P/jsp; Response: status=200
2014-10-11 15:29:48.272 [http-nio-8080-exec-21] INFO  com.p2p.global.LoggingFilter - Request: session id=4176D05A777486E5C99D1CC0B1C5E9C3; uri=/P2P/jsp?name=%E4%BD%A0%E5%A5%BD
2014-10-11 15:29:48.272 [http-nio-8080-exec-21] INFO  com.p2p.global.LoggingFilter - Request: session id=4176D05A777486E5C99D1CC0B1C5E9C3; uri=/P2P/jsp?name=%E4%BD%A0%E5%A5%BD; Response: status=200
2014-10-11 15:31:09.564 [http-nio-8080-exec-23] INFO  com.p2p.global.LoggingFilter - Request: session id=4176D05A777486E5C99D1CC0B1C5E9C3; uri=/P2P/jsp?name=%E4%BD%A0%E5%A5%BD
2014-10-11 15:31:09.605 [http-nio-8080-exec-23] INFO  com.p2p.global.LoggingFilter - Request: session id=4176D05A777486E5C99D1CC0B1C5E9C3; uri=/P2P/jsp?name=%E4%BD%A0%E5%A5%BD; Response: status=200
2014-10-11 15:31:10.908 [http-nio-8080-exec-30] INFO  com.p2p.global.LoggingFilter - Request: session id=4176D05A777486E5C99D1CC0B1C5E9C3; uri=/P2P/jsp?name=%E4%BD%A0%E5%A5%BD
2014-10-11 15:31:10.908 [http-nio-8080-exec-30] INFO  com.p2p.global.LoggingFilter - Request: session id=4176D05A777486E5C99D1CC0B1C5E9C3; uri=/P2P/jsp?name=%E4%BD%A0%E5%A5%BD; Response: status=200
2014-10-11 15:31:38.861 [http-nio-8080-exec-27] INFO  com.p2p.global.LoggingFilter - Request: session id=4176D05A777486E5C99D1CC0B1C5E9C3; uri=/P2P/jsp?name=%E4%BD%A0%E5%A5%BD
2014-10-11 15:31:38.902 [http-nio-8080-exec-27] INFO  com.p2p.global.LoggingFilter - Request: session id=4176D05A777486E5C99D1CC0B1C5E9C3; uri=/P2P/jsp?name=%E4%BD%A0%E5%A5%BD; Response: status=200
2014-10-11 15:33:43.719 [http-nio-8080-exec-35] INFO  com.p2p.global.LoggingFilter - Request: session id=4176D05A777486E5C99D1CC0B1C5E9C3; uri=/P2P/jsp?name=%E4%BD%A0%E5%A5%BD
2014-10-11 15:33:44.106 [http-nio-8080-exec-35] INFO  com.p2p.global.LoggingFilter - Request: session id=4176D05A777486E5C99D1CC0B1C5E9C3; uri=/P2P/jsp?name=%E4%BD%A0%E5%A5%BD; Response: status=200
2014-10-11 15:34:28.992 [http-nio-8080-exec-40] INFO  com.p2p.global.LoggingFilter - Request: session id=4176D05A777486E5C99D1CC0B1C5E9C3; uri=/P2P/jsp?name=%E4%BD%A0%E5%A5%BD
2014-10-11 15:34:29.069 [http-nio-8080-exec-40] INFO  com.p2p.global.LoggingFilter - Request: session id=4176D05A777486E5C99D1CC0B1C5E9C3; uri=/P2P/jsp?name=%E4%BD%A0%E5%A5%BD; Response: status=200
2014-10-11 15:55:48.971 [http-nio-8080-exec-38] INFO  com.p2p.global.LoggingFilter - Request: session id=4176D05A777486E5C99D1CC0B1C5E9C3; uri=/P2P/jssp?name=%E4%BD%A0%E5%A5%BD
2014-10-11 15:55:48.971 [http-nio-8080-exec-38] INFO  com.p2p.global.LoggingFilter - Request: session id=4176D05A777486E5C99D1CC0B1C5E9C3; uri=/P2P/jssp?name=%E4%BD%A0%E5%A5%BD; Response: status=404
2014-10-11 15:55:53.788 [http-nio-8080-exec-40] INFO  com.p2p.global.LoggingFilter - Request: session id=4176D05A777486E5C99D1CC0B1C5E9C3; uri=/P2P/err
2014-10-11 15:55:53.800 [http-nio-8080-exec-40] INFO  com.p2p.global.LoggingFilter - Request: session id=4176D05A777486E5C99D1CC0B1C5E9C3; uri=/P2P/err; Response: status=200
2014-10-11 16:30:06.156 [http-nio-8080-exec-43] INFO  com.p2p.global.LoggingFilter - Request: uri=/P2P/jsp
2014-10-11 16:30:06.161 [http-nio-8080-exec-43] INFO  com.p2p.global.LoggingFilter - Request: uri=/P2P/jsp; Response: status=200
2014-10-11 16:30:09.848 [http-nio-8080-exec-36] INFO  com.p2p.global.LoggingFilter - Request: session id=9F6A81F2051B237A593A217EFC502B3C; uri=/P2P/string?name=%E4%BD%A0%E5%A5%BD
2014-10-11 16:30:09.854 [http-nio-8080-exec-36] INFO  com.p2p.global.LoggingFilter - Request: session id=9F6A81F2051B237A593A217EFC502B3C; uri=/P2P/string?name=%E4%BD%A0%E5%A5%BD; Response: status=200
2014-10-11 16:30:13.252 [http-nio-8080-exec-37] INFO  com.p2p.global.LoggingFilter - Request: session id=9F6A81F2051B237A593A217EFC502B3C; uri=/P2P/json?name=%E4%BD%A0%E5%A5%BD
2014-10-11 16:30:13.277 [http-nio-8080-exec-37] INFO  com.p2p.global.LoggingFilter - Request: session id=9F6A81F2051B237A593A217EFC502B3C; uri=/P2P/json?name=%E4%BD%A0%E5%A5%BD; Response: status=200
2014-10-11 16:50:07.599 [http-nio-8080-exec-39] INFO  com.p2p.global.LoggingFilter - Request: session id=9F6A81F2051B237A593A217EFC502B3C; uri=/P2P/index.html
2014-10-11 16:50:07.699 [http-nio-8080-exec-39] INFO  com.p2p.global.LoggingFilter - Request: session id=9F6A81F2051B237A593A217EFC502B3C; uri=/P2P/index.html; Response: status=200
2014-10-11 16:50:40.267 [http-nio-8080-exec-34] INFO  com.p2p.global.LoggingFilter - Request: session id=9F6A81F2051B237A593A217EFC502B3C; uri=/P2P/index.html
2014-10-11 16:50:40.267 [http-nio-8080-exec-34] INFO  com.p2p.global.LoggingFilter - Request: session id=9F6A81F2051B237A593A217EFC502B3C; uri=/P2P/index.html; Response: status=200
2014-10-11 16:50:41.922 [http-nio-8080-exec-41] INFO  com.p2p.global.LoggingFilter - Request: session id=9F6A81F2051B237A593A217EFC502B3C; uri=/P2P/index.html?p=
2014-10-11 16:50:41.923 [http-nio-8080-exec-41] INFO  com.p2p.global.LoggingFilter - Request: session id=9F6A81F2051B237A593A217EFC502B3C; uri=/P2P/index.html?p=; Response: status=200
2014-10-11 16:50:44.178 [http-nio-8080-exec-39] INFO  com.p2p.global.LoggingFilter - Request: session id=9F6A81F2051B237A593A217EFC502B3C; uri=/P2P/index.html?p=abc
2014-10-11 16:50:44.178 [http-nio-8080-exec-39] INFO  com.p2p.global.LoggingFilter - Request: session id=9F6A81F2051B237A593A217EFC502B3C; uri=/P2P/index.html?p=abc; Response: status=200
2014-10-11 16:50:48.634 [http-nio-8080-exec-38] INFO  com.p2p.global.LoggingFilter - Request: session id=9F6A81F2051B237A593A217EFC502B3C; uri=/P2P/index.html?p=abc
2014-10-11 16:50:48.634 [http-nio-8080-exec-38] INFO  com.p2p.global.LoggingFilter - Request: session id=9F6A81F2051B237A593A217EFC502B3C; uri=/P2P/index.html?p=abc; Response: status=304
2014-10-11 16:51:01.005 [http-nio-8080-exec-37] INFO  com.p2p.global.LoggingFilter - Request: session id=9F6A81F2051B237A593A217EFC502B3C; uri=/P2P/index.html?p=aaaaaaaaaa
2014-10-11 16:51:01.005 [http-nio-8080-exec-37] INFO  com.p2p.global.LoggingFilter - Request: session id=9F6A81F2051B237A593A217EFC502B3C; uri=/P2P/index.html?p=aaaaaaaaaa; Response: status=200
2014-10-11 16:51:40.150 [http-nio-8080-exec-39] INFO  com.p2p.global.LoggingFilter - Request: session id=9F6A81F2051B237A593A217EFC502B3C; uri=/P2P/index.html?p=aaaaaaaaaa
2014-10-11 16:51:40.150 [http-nio-8080-exec-39] INFO  com.p2p.global.LoggingFilter - Request: session id=9F6A81F2051B237A593A217EFC502B3C; uri=/P2P/index.html?p=aaaaaaaaaa; Response: status=200
2014-10-11 16:51:55.857 [http-nio-8080-exec-43] INFO  com.p2p.global.LoggingFilter - Request: session id=9F6A81F2051B237A593A217EFC502B3C; uri=/P2P/index.html?p=aaaaaaaaaa
2014-10-11 16:51:55.857 [http-nio-8080-exec-43] INFO  com.p2p.global.LoggingFilter - Request: session id=9F6A81F2051B237A593A217EFC502B3C; uri=/P2P/index.html?p=aaaaaaaaaa; Response: status=200
2014-10-11 16:51:59.117 [http-nio-8080-exec-37] INFO  com.p2p.global.LoggingFilter - Request: session id=9F6A81F2051B237A593A217EFC502B3C; uri=/P2P/index.html?p=aaaaaaaaaa
2014-10-11 16:51:59.117 [http-nio-8080-exec-37] INFO  com.p2p.global.LoggingFilter - Request: session id=9F6A81F2051B237A593A217EFC502B3C; uri=/P2P/index.html?p=aaaaaaaaaa; Response: status=304
2014-10-11 16:51:59.324 [http-nio-8080-exec-40] INFO  com.p2p.global.LoggingFilter - Request: session id=9F6A81F2051B237A593A217EFC502B3C; uri=/P2P/index.html?p=aaaaaaaaaa
2014-10-11 16:51:59.324 [http-nio-8080-exec-40] INFO  com.p2p.global.LoggingFilter - Request: session id=9F6A81F2051B237A593A217EFC502B3C; uri=/P2P/index.html?p=aaaaaaaaaa; Response: status=304
2014-10-11 16:52:12.665 [http-nio-8080-exec-41] INFO  com.p2p.global.LoggingFilter - Request: session id=9F6A81F2051B237A593A217EFC502B3C; uri=/P2P/index.html?p=aaaaaaaaaa
2014-10-11 16:52:12.665 [http-nio-8080-exec-41] INFO  com.p2p.global.LoggingFilter - Request: session id=9F6A81F2051B237A593A217EFC502B3C; uri=/P2P/index.html?p=aaaaaaaaaa; Response: status=200
2014-10-11 16:52:13.721 [http-nio-8080-exec-39] INFO  com.p2p.global.LoggingFilter - Request: session id=9F6A81F2051B237A593A217EFC502B3C; uri=/P2P/index.html?p=aaaaaaaaaa
2014-10-11 16:52:13.721 [http-nio-8080-exec-39] INFO  com.p2p.global.LoggingFilter - Request: session id=9F6A81F2051B237A593A217EFC502B3C; uri=/P2P/index.html?p=aaaaaaaaaa; Response: status=304
2014-10-11 16:52:13.926 [http-nio-8080-exec-42] INFO  com.p2p.global.LoggingFilter - Request: session id=9F6A81F2051B237A593A217EFC502B3C; uri=/P2P/index.html?p=aaaaaaaaaa
2014-10-11 16:52:13.927 [http-nio-8080-exec-42] INFO  com.p2p.global.LoggingFilter - Request: session id=9F6A81F2051B237A593A217EFC502B3C; uri=/P2P/index.html?p=aaaaaaaaaa; Response: status=304
2014-10-11 16:52:14.142 [http-nio-8080-exec-38] INFO  com.p2p.global.LoggingFilter - Request: session id=9F6A81F2051B237A593A217EFC502B3C; uri=/P2P/index.html?p=aaaaaaaaaa
2014-10-11 16:52:14.143 [http-nio-8080-exec-38] INFO  com.p2p.global.LoggingFilter - Request: session id=9F6A81F2051B237A593A217EFC502B3C; uri=/P2P/index.html?p=aaaaaaaaaa; Response: status=304
2014-10-11 16:52:50.941 [http-nio-8080-exec-39] INFO  com.p2p.global.LoggingFilter - Request: session id=9F6A81F2051B237A593A217EFC502B3C; uri=/P2P/index.html?p=aaaaaaaaaa
2014-10-11 16:52:50.941 [http-nio-8080-exec-39] INFO  com.p2p.global.LoggingFilter - Request: session id=9F6A81F2051B237A593A217EFC502B3C; uri=/P2P/index.html?p=aaaaaaaaaa; Response: status=200
2014-10-11 16:52:54.955 [http-nio-8080-exec-42] INFO  com.p2p.global.LoggingFilter - Request: session id=9F6A81F2051B237A593A217EFC502B3C; uri=/P2P/index.html?p=aaaaaaaaaa
2014-10-11 16:52:54.955 [http-nio-8080-exec-42] INFO  com.p2p.global.LoggingFilter - Request: session id=9F6A81F2051B237A593A217EFC502B3C; uri=/P2P/index.html?p=aaaaaaaaaa; Response: status=304
2014-10-11 16:52:58.825 [http-nio-8080-exec-43] INFO  com.p2p.global.LoggingFilter - Request: session id=9F6A81F2051B237A593A217EFC502B3C; uri=/P2P/index.html
2014-10-11 16:52:58.825 [http-nio-8080-exec-43] INFO  com.p2p.global.LoggingFilter - Request: session id=9F6A81F2051B237A593A217EFC502B3C; uri=/P2P/index.html; Response: status=200
2014-10-11 16:53:02.021 [http-nio-8080-exec-34] INFO  com.p2p.global.LoggingFilter - Request: session id=9F6A81F2051B237A593A217EFC502B3C; content type=application/x-www-form-urlencoded; uri=/P2P/404.html
2014-10-11 16:53:02.021 [http-nio-8080-exec-34] INFO  com.p2p.global.LoggingFilter - Request: session id=9F6A81F2051B237A593A217EFC502B3C; content type=application/x-www-form-urlencoded; uri=/P2P/404.html; Response: status=200
2014-10-11 16:53:09.207 [http-nio-8080-exec-35] INFO  com.p2p.global.LoggingFilter - Request: session id=9F6A81F2051B237A593A217EFC502B3C; content type=application/x-www-form-urlencoded; uri=/P2P/index.html
2014-10-11 16:53:09.207 [http-nio-8080-exec-35] INFO  com.p2p.global.LoggingFilter - Request: session id=9F6A81F2051B237A593A217EFC502B3C; content type=application/x-www-form-urlencoded; uri=/P2P/index.html; Response: status=200
2014-10-11 16:53:19.911 [http-nio-8080-exec-42] INFO  com.p2p.global.LoggingFilter - Request: uri=/P2P/index.html
2014-10-11 16:53:19.911 [http-nio-8080-exec-42] INFO  com.p2p.global.LoggingFilter - Request: uri=/P2P/index.html; Response: status=200
2014-10-11 16:53:22.119 [http-nio-8080-exec-38] INFO  com.p2p.global.LoggingFilter - Request: content type=application/x-www-form-urlencoded; uri=/P2P/404.html
2014-10-11 16:53:22.119 [http-nio-8080-exec-38] INFO  com.p2p.global.LoggingFilter - Request: content type=application/x-www-form-urlencoded; uri=/P2P/404.html; Response: status=200
2014-10-11 16:53:29.735 [http-nio-8080-exec-37] INFO  com.p2p.global.LoggingFilter - Request: content type=application/x-www-form-urlencoded; uri=/P2P/index.html
2014-10-11 16:53:29.735 [http-nio-8080-exec-37] INFO  com.p2p.global.LoggingFilter - Request: content type=application/x-www-form-urlencoded; uri=/P2P/index.html; Response: status=200
2014-10-11 16:54:10.352 [http-nio-8080-exec-39] INFO  com.p2p.global.LoggingFilter - Request: session id=9F6A81F2051B237A593A217EFC502B3C; content type=application/x-www-form-urlencoded; uri=/P2P/index.html
2014-10-11 16:54:10.353 [http-nio-8080-exec-39] INFO  com.p2p.global.LoggingFilter - Request: session id=9F6A81F2051B237A593A217EFC502B3C; content type=application/x-www-form-urlencoded; uri=/P2P/index.html; Response: status=200
2014-10-11 16:54:12.215 [http-nio-8080-exec-42] INFO  com.p2p.global.LoggingFilter - Request: session id=9F6A81F2051B237A593A217EFC502B3C; uri=/P2P/index.html
2014-10-11 16:54:12.215 [http-nio-8080-exec-42] INFO  com.p2p.global.LoggingFilter - Request: session id=9F6A81F2051B237A593A217EFC502B3C; uri=/P2P/index.html; Response: status=200
2014-10-11 16:54:15.205 [http-nio-8080-exec-38] INFO  com.p2p.global.LoggingFilter - Request: session id=9F6A81F2051B237A593A217EFC502B3C; content type=application/x-www-form-urlencoded; uri=/P2P/404.html
2014-10-11 16:54:15.206 [http-nio-8080-exec-38] INFO  com.p2p.global.LoggingFilter - Request: session id=9F6A81F2051B237A593A217EFC502B3C; content type=application/x-www-form-urlencoded; uri=/P2P/404.html; Response: status=200
2014-10-11 16:54:55.334 [http-nio-8080-exec-34] INFO  com.p2p.global.LoggingFilter - Request: session id=9F6A81F2051B237A593A217EFC502B3C; uri=/P2P/404.html
2014-10-11 16:54:55.334 [http-nio-8080-exec-34] INFO  com.p2p.global.LoggingFilter - Request: session id=9F6A81F2051B237A593A217EFC502B3C; uri=/P2P/404.html; Response: status=200
2014-10-11 16:54:57.605 [http-nio-8080-exec-35] INFO  com.p2p.global.LoggingFilter - Request: session id=9F6A81F2051B237A593A217EFC502B3C; content type=application/x-www-form-urlencoded; uri=/P2P/index.html
2014-10-11 16:54:57.605 [http-nio-8080-exec-35] INFO  com.p2p.global.LoggingFilter - Request: session id=9F6A81F2051B237A593A217EFC502B3C; content type=application/x-www-form-urlencoded; uri=/P2P/index.html; Response: status=200
2014-10-11 16:55:03.018 [http-nio-8080-exec-39] INFO  com.p2p.global.LoggingFilter - Request: session id=9F6A81F2051B237A593A217EFC502B3C; content type=application/x-www-form-urlencoded; uri=/P2P/404.html
2014-10-11 16:55:03.019 [http-nio-8080-exec-39] INFO  com.p2p.global.LoggingFilter - Request: session id=9F6A81F2051B237A593A217EFC502B3C; content type=application/x-www-form-urlencoded; uri=/P2P/404.html; Response: status=200
2014-10-11 16:55:06.318 [http-nio-8080-exec-38] INFO  com.p2p.global.LoggingFilter - Request: session id=9F6A81F2051B237A593A217EFC502B3C; uri=/P2P/404.html
2014-10-11 16:55:06.318 [http-nio-8080-exec-38] INFO  com.p2p.global.LoggingFilter - Request: session id=9F6A81F2051B237A593A217EFC502B3C; uri=/P2P/404.html; Response: status=200
2014-10-11 16:55:22.098 [http-nio-8080-exec-40] INFO  com.p2p.global.LoggingFilter - Request: session id=9F6A81F2051B237A593A217EFC502B3C; content type=application/x-www-form-urlencoded; uri=/P2P/index.html
2014-10-11 16:55:22.098 [http-nio-8080-exec-40] INFO  com.p2p.global.LoggingFilter - Request: session id=9F6A81F2051B237A593A217EFC502B3C; content type=application/x-www-form-urlencoded; uri=/P2P/index.html; Response: status=200
