2014-10-11 15:17:16.634 [localhost-startStop-1] INFO  o.s.web.context.ContextLoader - Root WebApplicationContext: initialization started
2014-10-11 15:17:16.654 [localhost-startStop-1] INFO  o.s.w.c.s.XmlWebApplicationContext - Refreshing Root WebApplicationContext: startup date [Sat Oct 11 15:17:16 CST 2014]; root of context hierarchy
2014-10-11 15:17:16.704 [localhost-startStop-1] INFO  o.s.b.f.xml.XmlBeanDefinitionReader - Loading XML bean definitions from ServletContext resource [/WEB-INF/dispatcher-servlet.xml]
2014-10-11 15:17:17.404 [localhost-startStop-1] INFO  o.s.w.s.m.m.a.RequestMappingHandlerMapping - Mapped "{[/err],methods=[],params=[],headers=[],consumes=[],produces=[],custom=[]}" onto public java.lang.String com.p2p.controller.TestController.err(java.lang.String,org.springframework.ui.Model)
2014-10-11 15:17:17.404 [localhost-startStop-1] INFO  o.s.w.s.m.m.a.RequestMappingHandlerMapping - Mapped "{[/string],methods=[],params=[],headers=[],consumes=[],produces=[],custom=[]}" onto public java.lang.String com.p2p.controller.TestController.string(java.lang.String,org.springframework.ui.Model)
2014-10-11 15:17:17.404 [localhost-startStop-1] INFO  o.s.w.s.m.m.a.RequestMappingHandlerMapping - Mapped "{[/jsp],methods=[],params=[],headers=[],consumes=[],produces=[],custom=[]}" onto public java.lang.String com.p2p.controller.TestController.jsp(java.lang.String,org.springframework.ui.Model)
2014-10-11 15:17:17.404 [localhost-startStop-1] INFO  o.s.w.s.m.m.a.RequestMappingHandlerMapping - Mapped "{[/json],methods=[],params=[],headers=[],consumes=[],produces=[],custom=[]}" onto public java.util.Map<java.lang.String, java.lang.String> com.p2p.controller.TestController.json(java.lang.String,org.springframework.ui.Model)
2014-10-11 15:17:17.404 [localhost-startStop-1] INFO  o.s.w.s.m.m.a.RequestMappingHandlerMapping - Mapped "{[/errjsp],methods=[],params=[],headers=[],consumes=[],produces=[],custom=[]}" onto public java.lang.String com.p2p.controller.TestController.errjsp(java.lang.String,org.springframework.ui.Model)
2014-10-11 15:17:17.714 [localhost-startStop-1] INFO  o.s.w.s.m.m.a.RequestMappingHandlerAdapter - Looking for @ControllerAdvice: Root WebApplicationContext: startup date [Sat Oct 11 15:17:16 CST 2014]; root of context hierarchy
2014-10-11 15:17:17.788 [localhost-startStop-1] INFO  o.s.web.context.ContextLoader - Root WebApplicationContext: initialization completed in 1154 ms
2014-10-11 15:17:17.798 [localhost-startStop-1] INFO  o.s.web.servlet.DispatcherServlet - FrameworkServlet 'dispatcher': initialization started
2014-10-11 15:17:17.799 [localhost-startStop-1] INFO  o.s.w.c.s.XmlWebApplicationContext - Refreshing WebApplicationContext for namespace 'dispatcher-servlet': startup date [Sat Oct 11 15:17:17 CST 2014]; parent: Root WebApplicationContext
2014-10-11 15:17:17.799 [localhost-startStop-1] INFO  o.s.b.f.xml.XmlBeanDefinitionReader - Loading XML bean definitions from ServletContext resource [/WEB-INF/dispatcher-servlet.xml]
2014-10-11 15:17:17.899 [localhost-startStop-1] INFO  o.s.w.s.m.m.a.RequestMappingHandlerMapping - Mapped "{[/err],methods=[],params=[],headers=[],consumes=[],produces=[],custom=[]}" onto public java.lang.String com.p2p.controller.TestController.err(java.lang.String,org.springframework.ui.Model)
2014-10-11 15:17:17.899 [localhost-startStop-1] INFO  o.s.w.s.m.m.a.RequestMappingHandlerMapping - Mapped "{[/string],methods=[],params=[],headers=[],consumes=[],produces=[],custom=[]}" onto public java.lang.String com.p2p.controller.TestController.string(java.lang.String,org.springframework.ui.Model)
2014-10-11 15:17:17.899 [localhost-startStop-1] INFO  o.s.w.s.m.m.a.RequestMappingHandlerMapping - Mapped "{[/jsp],methods=[],params=[],headers=[],consumes=[],produces=[],custom=[]}" onto public java.lang.String com.p2p.controller.TestController.jsp(java.lang.String,org.springframework.ui.Model)
2014-10-11 15:17:17.899 [localhost-startStop-1] INFO  o.s.w.s.m.m.a.RequestMappingHandlerMapping - Mapped "{[/json],methods=[],params=[],headers=[],consumes=[],produces=[],custom=[]}" onto public java.util.Map<java.lang.String, java.lang.String> com.p2p.controller.TestController.json(java.lang.String,org.springframework.ui.Model)
2014-10-11 15:17:17.899 [localhost-startStop-1] INFO  o.s.w.s.m.m.a.RequestMappingHandlerMapping - Mapped "{[/errjsp],methods=[],params=[],headers=[],consumes=[],produces=[],custom=[]}" onto public java.lang.String com.p2p.controller.TestController.errjsp(java.lang.String,org.springframework.ui.Model)
2014-10-11 15:17:17.939 [localhost-startStop-1] INFO  o.s.w.s.m.m.a.RequestMappingHandlerAdapter - Looking for @ControllerAdvice: WebApplicationContext for namespace 'dispatcher-servlet': startup date [Sat Oct 11 15:17:17 CST 2014]; parent: Root WebApplicationContext
2014-10-11 15:17:17.979 [localhost-startStop-1] INFO  o.s.web.servlet.DispatcherServlet - FrameworkServlet 'dispatcher': initialization completed in 181 ms
2014-10-11 15:17:25.069 [http-nio-8080-exec-3] INFO  com.p2p.global.LoggingFilter - Request: session id=4176D05A777486E5C99D1CC0B1C5E9C3; uri=/P2P/string?name=%E4%BD%A0%E5%A5%BD
2014-10-11 15:17:25.100 [http-nio-8080-exec-3] INFO  com.p2p.global.Logger - 你好
2014-10-11 15:17:25.120 [http-nio-8080-exec-3] INFO  com.p2p.global.LoggingFilter - Request: session id=4176D05A777486E5C99D1CC0B1C5E9C3; uri=/P2P/string?name=%E4%BD%A0%E5%A5%BD; Response: status=200
2014-10-11 15:17:38.603 [http-nio-8080-exec-6] INFO  com.p2p.global.LoggingFilter - Request: session id=4176D05A777486E5C99D1CC0B1C5E9C3; uri=/P2P/err
2014-10-11 15:17:38.606 [http-nio-8080-exec-6] ERROR com.p2p.global.ExceptionInterceptor - 
java.lang.RuntimeException: 发生错误
	at com.p2p.controller.TestController.err(TestController.java:54) ~[TestController.class:na]
	at sun.reflect.NativeMethodAccessorImpl.invoke0(Native Method) ~[na:1.7.0_40]
	at sun.reflect.NativeMethodAccessorImpl.invoke(NativeMethodAccessorImpl.java:57) ~[na:1.7.0_40]
	at sun.reflect.DelegatingMethodAccessorImpl.invoke(DelegatingMethodAccessorImpl.java:43) ~[na:1.7.0_40]
	at java.lang.reflect.Method.invoke(Method.java:606) ~[na:1.7.0_40]
	at org.springframework.web.method.support.InvocableHandlerMethod.invoke(InvocableHandlerMethod.java:215) ~[InvocableHandlerMethod.class:4.1.0.RELEASE]
	at org.springframework.web.method.support.InvocableHandlerMethod.invokeForRequest(InvocableHandlerMethod.java:132) ~[InvocableHandlerMethod.class:4.1.0.RELEASE]
	at org.springframework.web.servlet.mvc.method.annotation.ServletInvocableHandlerMethod.invokeAndHandle(ServletInvocableHandlerMethod.java:104) ~[ServletInvocableHandlerMethod.class:4.1.0.RELEASE]
	at org.springframework.web.servlet.mvc.method.annotation.RequestMappingHandlerAdapter.invokeHandleMethod(RequestMappingHandlerAdapter.java:781) ~[RequestMappingHandlerAdapter.class:4.1.0.RELEASE]
	at org.springframework.web.servlet.mvc.method.annotation.RequestMappingHandlerAdapter.handleInternal(RequestMappingHandlerAdapter.java:721) ~[RequestMappingHandlerAdapter.class:4.1.0.RELEASE]
	at org.springframework.web.servlet.mvc.method.AbstractHandlerMethodAdapter.handle(AbstractHandlerMethodAdapter.java:83) ~[AbstractHandlerMethodAdapter.class:4.1.0.RELEASE]
	at org.springframework.web.servlet.DispatcherServlet.doDispatch(DispatcherServlet.java:943) [DispatcherServlet.class:4.1.0.RELEASE]
	at org.springframework.web.servlet.DispatcherServlet.doService(DispatcherServlet.java:877) [DispatcherServlet.class:4.1.0.RELEASE]
	at org.springframework.web.servlet.FrameworkServlet.processRequest(FrameworkServlet.java:961) [FrameworkServlet.class:4.1.0.RELEASE]
	at org.springframework.web.servlet.FrameworkServlet.doGet(FrameworkServlet.java:852) [FrameworkServlet.class:4.1.0.RELEASE]
	at javax.servlet.http.HttpServlet.service(HttpServlet.java:618) [servlet-api.jar:na]
	at org.springframework.web.servlet.FrameworkServlet.service(FrameworkServlet.java:837) [FrameworkServlet.class:4.1.0.RELEASE]
	at javax.servlet.http.HttpServlet.service(HttpServlet.java:725) [servlet-api.jar:na]
	at org.apache.catalina.core.ApplicationFilterChain.internalDoFilter(ApplicationFilterChain.java:291) [catalina.jar:8.0.12]
	at org.apache.catalina.core.ApplicationFilterChain.doFilter(ApplicationFilterChain.java:206) [catalina.jar:8.0.12]
	at org.springframework.web.filter.CharacterEncodingFilter.doFilterInternal(CharacterEncodingFilter.java:88) [CharacterEncodingFilter.class:4.1.0.RELEASE]
	at org.springframework.web.filter.OncePerRequestFilter.doFilter(OncePerRequestFilter.java:107) [OncePerRequestFilter.class:4.1.0.RELEASE]
	at org.apache.catalina.core.ApplicationFilterChain.internalDoFilter(ApplicationFilterChain.java:239) [catalina.jar:8.0.12]
	at org.apache.catalina.core.ApplicationFilterChain.doFilter(ApplicationFilterChain.java:206) [catalina.jar:8.0.12]
	at com.p2p.global.LoggingFilter.doFilterInternal(LoggingFilter.java:29) [LoggingFilter.class:na]
	at org.springframework.web.filter.OncePerRequestFilter.doFilter(OncePerRequestFilter.java:107) [OncePerRequestFilter.class:4.1.0.RELEASE]
	at org.apache.catalina.core.ApplicationFilterChain.internalDoFilter(ApplicationFilterChain.java:239) [catalina.jar:8.0.12]
	at org.apache.catalina.core.ApplicationFilterChain.doFilter(ApplicationFilterChain.java:206) [catalina.jar:8.0.12]
	at org.apache.tomcat.websocket.server.WsFilter.doFilter(WsFilter.java:52) [tomcat-websocket.jar:8.0.12]
	at org.apache.catalina.core.ApplicationFilterChain.internalDoFilter(ApplicationFilterChain.java:239) [catalina.jar:8.0.12]
	at org.apache.catalina.core.ApplicationFilterChain.doFilter(ApplicationFilterChain.java:206) [catalina.jar:8.0.12]
	at org.apache.catalina.core.StandardWrapperValve.invoke(StandardWrapperValve.java:219) [catalina.jar:8.0.12]
	at org.apache.catalina.core.StandardContextValve.invoke(StandardContextValve.java:106) [catalina.jar:8.0.12]
	at org.apache.catalina.authenticator.AuthenticatorBase.invoke(AuthenticatorBase.java:505) [catalina.jar:8.0.12]
	at org.apache.catalina.core.StandardHostValve.invoke(StandardHostValve.java:142) [catalina.jar:8.0.12]
	at org.apache.catalina.valves.ErrorReportValve.invoke(ErrorReportValve.java:79) [catalina.jar:8.0.12]
	at org.apache.catalina.valves.AbstractAccessLogValve.invoke(AbstractAccessLogValve.java:610) [catalina.jar:8.0.12]
	at org.apache.catalina.core.StandardEngineValve.invoke(StandardEngineValve.java:88) [catalina.jar:8.0.12]
	at org.apache.catalina.connector.CoyoteAdapter.service(CoyoteAdapter.java:534) [catalina.jar:8.0.12]
	at org.apache.coyote.http11.AbstractHttp11Processor.process(AbstractHttp11Processor.java:1081) [tomcat-coyote.jar:8.0.12]
	at org.apache.coyote.AbstractProtocol$AbstractConnectionHandler.process(AbstractProtocol.java:658) [tomcat-coyote.jar:8.0.12]
	at org.apache.coyote.http11.Http11NioProtocol$Http11ConnectionHandler.process(Http11NioProtocol.java:222) [tomcat-coyote.jar:8.0.12]
	at org.apache.tomcat.util.net.NioEndpoint$SocketProcessor.doRun(NioEndpoint.java:1566) [tomcat-coyote.jar:8.0.12]
	at org.apache.tomcat.util.net.NioEndpoint$SocketProcessor.run(NioEndpoint.java:1523) [tomcat-coyote.jar:8.0.12]
	at java.util.concurrent.ThreadPoolExecutor.runWorker(ThreadPoolExecutor.java:1145) [na:1.7.0_40]
	at java.util.concurrent.ThreadPoolExecutor$Worker.run(ThreadPoolExecutor.java:615) [na:1.7.0_40]
	at org.apache.tomcat.util.threads.TaskThread$WrappingRunnable.run(TaskThread.java:61) [tomcat-util.jar:8.0.12]
	at java.lang.Thread.run(Thread.java:724) [na:1.7.0_40]
2014-10-11 15:17:38.606 [http-nio-8080-exec-6] INFO  com.p2p.global.LoggingFilter - Request: session id=4176D05A777486E5C99D1CC0B1C5E9C3; uri=/P2P/err; Response: status=200
2014-10-11 15:23:06.875 [http-nio-8080-exec-7] INFO  com.p2p.global.LoggingFilter - Request: session id=4176D05A777486E5C99D1CC0B1C5E9C3; uri=/P2P/json?name=%E4%BD%A0%E5%A5%BD
2014-10-11 15:23:06.901 [http-nio-8080-exec-7] INFO  com.p2p.global.LoggingFilter - Request: session id=4176D05A777486E5C99D1CC0B1C5E9C3; uri=/P2P/json?name=%E4%BD%A0%E5%A5%BD; Response: status=200
2014-10-11 15:23:11.231 [http-nio-8080-exec-6] INFO  com.p2p.global.LoggingFilter - Request: session id=4176D05A777486E5C99D1CC0B1C5E9C3; uri=/P2P/string?name=%E4%BD%A0%E5%A5%BD
2014-10-11 15:23:11.241 [http-nio-8080-exec-6] INFO  com.p2p.global.Logger - 你好
2014-10-11 15:23:11.241 [http-nio-8080-exec-6] INFO  com.p2p.global.LoggingFilter - Request: session id=4176D05A777486E5C99D1CC0B1C5E9C3; uri=/P2P/string?name=%E4%BD%A0%E5%A5%BD; Response: status=200
2014-10-11 15:23:28.502 [http-nio-8080-exec-1] INFO  com.p2p.global.LoggingFilter - Request: session id=4176D05A777486E5C99D1CC0B1C5E9C3; uri=/P2P/jsp
2014-10-11 15:23:28.541 [http-nio-8080-exec-1] INFO  com.p2p.global.LoggingFilter - Request: session id=4176D05A777486E5C99D1CC0B1C5E9C3; uri=/P2P/jsp; Response: status=200
2014-10-11 15:24:11.491 [http-nio-8080-exec-6] INFO  com.p2p.global.LoggingFilter - Request: session id=4176D05A777486E5C99D1CC0B1C5E9C3; uri=/P2P/jsp
2014-10-11 15:24:11.493 [http-nio-8080-exec-6] INFO  com.p2p.global.LoggingFilter - Request: session id=4176D05A777486E5C99D1CC0B1C5E9C3; uri=/P2P/jsp; Response: status=200
2014-10-11 15:27:58.868 [ContainerBackgroundProcessor[StandardEngine[Catalina]]] INFO  o.s.w.c.s.XmlWebApplicationContext - Closing WebApplicationContext for namespace 'dispatcher-servlet': startup date [Sat Oct 11 15:17:17 CST 2014]; parent: Root WebApplicationContext
2014-10-11 15:27:58.869 [ContainerBackgroundProcessor[StandardEngine[Catalina]]] INFO  o.s.w.c.s.XmlWebApplicationContext - Closing Root WebApplicationContext: startup date [Sat Oct 11 15:17:16 CST 2014]; root of context hierarchy
2014-10-11 15:28:00.813 [ContainerBackgroundProcessor[StandardEngine[Catalina]]] INFO  o.s.web.context.ContextLoader - Root WebApplicationContext: initialization started
2014-10-11 15:28:00.844 [ContainerBackgroundProcessor[StandardEngine[Catalina]]] INFO  o.s.w.c.s.XmlWebApplicationContext - Refreshing Root WebApplicationContext: startup date [Sat Oct 11 15:28:00 CST 2014]; root of context hierarchy
2014-10-11 15:28:00.914 [ContainerBackgroundProcessor[StandardEngine[Catalina]]] INFO  o.s.b.f.xml.XmlBeanDefinitionReader - Loading XML bean definitions from ServletContext resource [/WEB-INF/dispatcher-servlet.xml]
2014-10-11 15:28:01.785 [ContainerBackgroundProcessor[StandardEngine[Catalina]]] INFO  o.s.w.s.m.m.a.RequestMappingHandlerMapping - Mapped "{[/err],methods=[],params=[],headers=[],consumes=[],produces=[],custom=[]}" onto public java.lang.String com.p2p.controller.TestController.err(java.lang.String,org.springframework.ui.Model)
2014-10-11 15:28:01.785 [ContainerBackgroundProcessor[StandardEngine[Catalina]]] INFO  o.s.w.s.m.m.a.RequestMappingHandlerMapping - Mapped "{[/string],methods=[],params=[],headers=[],consumes=[],produces=[],custom=[]}" onto public java.lang.String com.p2p.controller.TestController.string(java.lang.String,org.springframework.ui.Model)
2014-10-11 15:28:01.785 [ContainerBackgroundProcessor[StandardEngine[Catalina]]] INFO  o.s.w.s.m.m.a.RequestMappingHandlerMapping - Mapped "{[/jsp],methods=[],params=[],headers=[],consumes=[],produces=[],custom=[]}" onto public java.lang.String com.p2p.controller.TestController.jsp(java.lang.String,org.springframework.ui.Model)
2014-10-11 15:28:01.785 [ContainerBackgroundProcessor[StandardEngine[Catalina]]] INFO  o.s.w.s.m.m.a.RequestMappingHandlerMapping - Mapped "{[/json],methods=[],params=[],headers=[],consumes=[],produces=[],custom=[]}" onto public java.util.Map<java.lang.String, java.lang.String> com.p2p.controller.TestController.json(java.lang.String,org.springframework.ui.Model)
2014-10-11 15:28:01.785 [ContainerBackgroundProcessor[StandardEngine[Catalina]]] INFO  o.s.w.s.m.m.a.RequestMappingHandlerMapping - Mapped "{[/errjsp],methods=[],params=[],headers=[],consumes=[],produces=[],custom=[]}" onto public java.lang.String com.p2p.controller.TestController.errjsp(java.lang.String,org.springframework.ui.Model)
2014-10-11 15:28:02.106 [ContainerBackgroundProcessor[StandardEngine[Catalina]]] INFO  o.s.w.s.m.m.a.RequestMappingHandlerAdapter - Looking for @ControllerAdvice: Root WebApplicationContext: startup date [Sat Oct 11 15:28:00 CST 2014]; root of context hierarchy
2014-10-11 15:28:02.216 [ContainerBackgroundProcessor[StandardEngine[Catalina]]] INFO  o.s.web.context.ContextLoader - Root WebApplicationContext: initialization completed in 1403 ms
2014-10-11 15:28:02.216 [ContainerBackgroundProcessor[StandardEngine[Catalina]]] INFO  o.s.web.servlet.DispatcherServlet - FrameworkServlet 'dispatcher': initialization started
2014-10-11 15:28:02.216 [ContainerBackgroundProcessor[StandardEngine[Catalina]]] INFO  o.s.w.c.s.XmlWebApplicationContext - Refreshing WebApplicationContext for namespace 'dispatcher-servlet': startup date [Sat Oct 11 15:28:02 CST 2014]; parent: Root WebApplicationContext
2014-10-11 15:28:02.217 [ContainerBackgroundProcessor[StandardEngine[Catalina]]] INFO  o.s.b.f.xml.XmlBeanDefinitionReader - Loading XML bean definitions from ServletContext resource [/WEB-INF/dispatcher-servlet.xml]
2014-10-11 15:28:02.448 [ContainerBackgroundProcessor[StandardEngine[Catalina]]] INFO  o.s.w.s.m.m.a.RequestMappingHandlerMapping - Mapped "{[/err],methods=[],params=[],headers=[],consumes=[],produces=[],custom=[]}" onto public java.lang.String com.p2p.controller.TestController.err(java.lang.String,org.springframework.ui.Model)
2014-10-11 15:28:02.448 [ContainerBackgroundProcessor[StandardEngine[Catalina]]] INFO  o.s.w.s.m.m.a.RequestMappingHandlerMapping - Mapped "{[/string],methods=[],params=[],headers=[],consumes=[],produces=[],custom=[]}" onto public java.lang.String com.p2p.controller.TestController.string(java.lang.String,org.springframework.ui.Model)
2014-10-11 15:28:02.448 [ContainerBackgroundProcessor[StandardEngine[Catalina]]] INFO  o.s.w.s.m.m.a.RequestMappingHandlerMapping - Mapped "{[/jsp],methods=[],params=[],headers=[],consumes=[],produces=[],custom=[]}" onto public java.lang.String com.p2p.controller.TestController.jsp(java.lang.String,org.springframework.ui.Model)
2014-10-11 15:28:02.448 [ContainerBackgroundProcessor[StandardEngine[Catalina]]] INFO  o.s.w.s.m.m.a.RequestMappingHandlerMapping - Mapped "{[/json],methods=[],params=[],headers=[],consumes=[],produces=[],custom=[]}" onto public java.util.Map<java.lang.String, java.lang.String> com.p2p.controller.TestController.json(java.lang.String,org.springframework.ui.Model)
2014-10-11 15:28:02.448 [ContainerBackgroundProcessor[StandardEngine[Catalina]]] INFO  o.s.w.s.m.m.a.RequestMappingHandlerMapping - Mapped "{[/errjsp],methods=[],params=[],headers=[],consumes=[],produces=[],custom=[]}" onto public java.lang.String com.p2p.controller.TestController.errjsp(java.lang.String,org.springframework.ui.Model)
2014-10-11 15:28:02.468 [ContainerBackgroundProcessor[StandardEngine[Catalina]]] INFO  o.s.w.s.m.m.a.RequestMappingHandlerAdapter - Looking for @ControllerAdvice: WebApplicationContext for namespace 'dispatcher-servlet': startup date [Sat Oct 11 15:28:02 CST 2014]; parent: Root WebApplicationContext
2014-10-11 15:28:02.518 [ContainerBackgroundProcessor[StandardEngine[Catalina]]] INFO  o.s.web.servlet.DispatcherServlet - FrameworkServlet 'dispatcher': initialization completed in 302 ms
2014-10-11 15:28:13.690 [http-nio-8080-exec-3] INFO  com.p2p.global.LoggingFilter - Request: session id=4176D05A777486E5C99D1CC0B1C5E9C3; uri=/P2P/jsp
2014-10-11 15:28:13.735 [http-nio-8080-exec-3] INFO  com.p2p.global.LoggingFilter - Request: session id=4176D05A777486E5C99D1CC0B1C5E9C3; uri=/P2P/jsp; Response: status=200
2014-10-11 15:28:18.303 [http-nio-8080-exec-4] INFO  com.p2p.global.LoggingFilter - Request: session id=4176D05A777486E5C99D1CC0B1C5E9C3; uri=/P2P/string?name=%E4%BD%A0%E5%A5%BD
2014-10-11 15:28:18.303 [http-nio-8080-exec-4] INFO  com.p2p.global.Logger - 你好
2014-10-11 15:28:18.306 [http-nio-8080-exec-4] INFO  com.p2p.global.LoggingFilter - Request: session id=4176D05A777486E5C99D1CC0B1C5E9C3; uri=/P2P/string?name=%E4%BD%A0%E5%A5%BD; Response: status=200
2014-10-11 15:28:26.678 [http-nio-8080-exec-8] INFO  com.p2p.global.LoggingFilter - Request: session id=4176D05A777486E5C99D1CC0B1C5E9C3; uri=/P2P/json?name=%E4%BD%A0%E5%A5%BD
2014-10-11 15:28:26.704 [http-nio-8080-exec-8] INFO  com.p2p.global.LoggingFilter - Request: session id=4176D05A777486E5C99D1CC0B1C5E9C3; uri=/P2P/json?name=%E4%BD%A0%E5%A5%BD; Response: status=200
2014-10-11 15:28:35.529 [http-nio-8080-exec-1] INFO  com.p2p.global.LoggingFilter - Request: session id=4176D05A777486E5C99D1CC0B1C5E9C3; uri=/P2P/jsop
2014-10-11 15:28:35.529 [http-nio-8080-exec-1] WARN  o.s.web.servlet.PageNotFound - No mapping found for HTTP request with URI [/P2P/jsop] in DispatcherServlet with name 'dispatcher'
2014-10-11 15:28:35.529 [http-nio-8080-exec-1] INFO  com.p2p.global.LoggingFilter - Request: session id=4176D05A777486E5C99D1CC0B1C5E9C3; uri=/P2P/jsop; Response: status=404
2014-10-11 15:28:38.082 [http-nio-8080-exec-2] INFO  com.p2p.global.LoggingFilter - Request: session id=4176D05A777486E5C99D1CC0B1C5E9C3; uri=/P2P/jsp
2014-10-11 15:28:38.082 [http-nio-8080-exec-2] INFO  com.p2p.global.LoggingFilter - Request: session id=4176D05A777486E5C99D1CC0B1C5E9C3; uri=/P2P/jsp; Response: status=200
2014-10-11 15:28:44.183 [ContainerBackgroundProcessor[StandardEngine[Catalina]]] INFO  o.s.w.c.s.XmlWebApplicationContext - Closing WebApplicationContext for namespace 'dispatcher-servlet': startup date [Sat Oct 11 15:28:02 CST 2014]; parent: Root WebApplicationContext
2014-10-11 15:28:44.183 [ContainerBackgroundProcessor[StandardEngine[Catalina]]] INFO  o.s.w.c.s.XmlWebApplicationContext - Closing Root WebApplicationContext: startup date [Sat Oct 11 15:28:00 CST 2014]; root of context hierarchy
2014-10-11 15:28:45.537 [ContainerBackgroundProcessor[StandardEngine[Catalina]]] INFO  o.s.web.context.ContextLoader - Root WebApplicationContext: initialization started
2014-10-11 15:28:45.557 [ContainerBackgroundProcessor[StandardEngine[Catalina]]] INFO  o.s.w.c.s.XmlWebApplicationContext - Refreshing Root WebApplicationContext: startup date [Sat Oct 11 15:28:45 CST 2014]; root of context hierarchy
2014-10-11 15:28:45.607 [ContainerBackgroundProcessor[StandardEngine[Catalina]]] INFO  o.s.b.f.xml.XmlBeanDefinitionReader - Loading XML bean definitions from ServletContext resource [/WEB-INF/dispatcher-servlet.xml]
2014-10-11 15:28:46.167 [ContainerBackgroundProcessor[StandardEngine[Catalina]]] INFO  o.s.w.s.m.m.a.RequestMappingHandlerMapping - Mapped "{[/err],methods=[],params=[],headers=[],consumes=[],produces=[],custom=[]}" onto public java.lang.String com.p2p.controller.TestController.err(java.lang.String,org.springframework.ui.Model)
2014-10-11 15:28:46.167 [ContainerBackgroundProcessor[StandardEngine[Catalina]]] INFO  o.s.w.s.m.m.a.RequestMappingHandlerMapping - Mapped "{[/string],methods=[],params=[],headers=[],consumes=[],produces=[],custom=[]}" onto public java.lang.String com.p2p.controller.TestController.string(java.lang.String,org.springframework.ui.Model)
2014-10-11 15:28:46.167 [ContainerBackgroundProcessor[StandardEngine[Catalina]]] INFO  o.s.w.s.m.m.a.RequestMappingHandlerMapping - Mapped "{[/jsp],methods=[],params=[],headers=[],consumes=[],produces=[],custom=[]}" onto public java.lang.String com.p2p.controller.TestController.jsp(java.lang.String,org.springframework.ui.Model)
2014-10-11 15:28:46.167 [ContainerBackgroundProcessor[StandardEngine[Catalina]]] INFO  o.s.w.s.m.m.a.RequestMappingHandlerMapping - Mapped "{[/json],methods=[],params=[],headers=[],consumes=[],produces=[],custom=[]}" onto public java.util.Map<java.lang.String, java.lang.String> com.p2p.controller.TestController.json(java.lang.String,org.springframework.ui.Model)
2014-10-11 15:28:46.167 [ContainerBackgroundProcessor[StandardEngine[Catalina]]] INFO  o.s.w.s.m.m.a.RequestMappingHandlerMapping - Mapped "{[/errjsp],methods=[],params=[],headers=[],consumes=[],produces=[],custom=[]}" onto public java.lang.String com.p2p.controller.TestController.errjsp(java.lang.String,org.springframework.ui.Model)
2014-10-11 15:28:46.407 [ContainerBackgroundProcessor[StandardEngine[Catalina]]] INFO  o.s.w.s.m.m.a.RequestMappingHandlerAdapter - Looking for @ControllerAdvice: Root WebApplicationContext: startup date [Sat Oct 11 15:28:45 CST 2014]; root of context hierarchy
2014-10-11 15:28:46.468 [ContainerBackgroundProcessor[StandardEngine[Catalina]]] INFO  o.s.web.context.ContextLoader - Root WebApplicationContext: initialization completed in 921 ms
2014-10-11 15:28:46.478 [ContainerBackgroundProcessor[StandardEngine[Catalina]]] INFO  o.s.web.servlet.DispatcherServlet - FrameworkServlet 'dispatcher': initialization started
2014-10-11 15:28:46.478 [ContainerBackgroundProcessor[StandardEngine[Catalina]]] INFO  o.s.w.c.s.XmlWebApplicationContext - Refreshing WebApplicationContext for namespace 'dispatcher-servlet': startup date [Sat Oct 11 15:28:46 CST 2014]; parent: Root WebApplicationContext
2014-10-11 15:28:46.478 [ContainerBackgroundProcessor[StandardEngine[Catalina]]] INFO  o.s.b.f.xml.XmlBeanDefinitionReader - Loading XML bean definitions from ServletContext resource [/WEB-INF/dispatcher-servlet.xml]
2014-10-11 15:28:46.549 [ContainerBackgroundProcessor[StandardEngine[Catalina]]] INFO  o.s.w.s.m.m.a.RequestMappingHandlerMapping - Mapped "{[/err],methods=[],params=[],headers=[],consumes=[],produces=[],custom=[]}" onto public java.lang.String com.p2p.controller.TestController.err(java.lang.String,org.springframework.ui.Model)
2014-10-11 15:28:46.549 [ContainerBackgroundProcessor[StandardEngine[Catalina]]] INFO  o.s.w.s.m.m.a.RequestMappingHandlerMapping - Mapped "{[/string],methods=[],params=[],headers=[],consumes=[],produces=[],custom=[]}" onto public java.lang.String com.p2p.controller.TestController.string(java.lang.String,org.springframework.ui.Model)
2014-10-11 15:28:46.549 [ContainerBackgroundProcessor[StandardEngine[Catalina]]] INFO  o.s.w.s.m.m.a.RequestMappingHandlerMapping - Mapped "{[/jsp],methods=[],params=[],headers=[],consumes=[],produces=[],custom=[]}" onto public java.lang.String com.p2p.controller.TestController.jsp(java.lang.String,org.springframework.ui.Model)
2014-10-11 15:28:46.549 [ContainerBackgroundProcessor[StandardEngine[Catalina]]] INFO  o.s.w.s.m.m.a.RequestMappingHandlerMapping - Mapped "{[/json],methods=[],params=[],headers=[],consumes=[],produces=[],custom=[]}" onto public java.util.Map<java.lang.String, java.lang.String> com.p2p.controller.TestController.json(java.lang.String,org.springframework.ui.Model)
2014-10-11 15:28:46.549 [ContainerBackgroundProcessor[StandardEngine[Catalina]]] INFO  o.s.w.s.m.m.a.RequestMappingHandlerMapping - Mapped "{[/errjsp],methods=[],params=[],headers=[],consumes=[],produces=[],custom=[]}" onto public java.lang.String com.p2p.controller.TestController.errjsp(java.lang.String,org.springframework.ui.Model)
2014-10-11 15:28:46.569 [ContainerBackgroundProcessor[StandardEngine[Catalina]]] INFO  o.s.w.s.m.m.a.RequestMappingHandlerAdapter - Looking for @ControllerAdvice: WebApplicationContext for namespace 'dispatcher-servlet': startup date [Sat Oct 11 15:28:46 CST 2014]; parent: Root WebApplicationContext
2014-10-11 15:28:46.599 [ContainerBackgroundProcessor[StandardEngine[Catalina]]] INFO  o.s.web.servlet.DispatcherServlet - FrameworkServlet 'dispatcher': initialization completed in 121 ms
2014-10-11 15:28:51.668 [http-nio-8080-exec-12] INFO  com.p2p.global.LoggingFilter - Request: session id=4176D05A777486E5C99D1CC0B1C5E9C3; uri=/P2P/json?name=%E4%BD%A0%E5%A5%BD
2014-10-11 15:28:51.748 [http-nio-8080-exec-12] INFO  com.p2p.global.LoggingFilter - Request: session id=4176D05A777486E5C99D1CC0B1C5E9C3; uri=/P2P/json?name=%E4%BD%A0%E5%A5%BD; Response: status=200
2014-10-11 15:28:53.404 [http-nio-8080-exec-20] INFO  com.p2p.global.LoggingFilter - Request: session id=4176D05A777486E5C99D1CC0B1C5E9C3; uri=/P2P/string?name=%E4%BD%A0%E5%A5%BD
2014-10-11 15:28:53.404 [http-nio-8080-exec-20] INFO  com.p2p.global.Logger - 你好
2014-10-11 15:28:53.404 [http-nio-8080-exec-20] INFO  com.p2p.global.LoggingFilter - Request: session id=4176D05A777486E5C99D1CC0B1C5E9C3; uri=/P2P/string?name=%E4%BD%A0%E5%A5%BD; Response: status=200
2014-10-11 15:28:53.887 [http-nio-8080-exec-14] INFO  com.p2p.global.LoggingFilter - Request: session id=4176D05A777486E5C99D1CC0B1C5E9C3; uri=/P2P/string?name=%E4%BD%A0%E5%A5%BD
2014-10-11 15:28:53.887 [http-nio-8080-exec-14] INFO  com.p2p.global.Logger - 你好
2014-10-11 15:28:53.887 [http-nio-8080-exec-14] INFO  com.p2p.global.LoggingFilter - Request: session id=4176D05A777486E5C99D1CC0B1C5E9C3; uri=/P2P/string?name=%E4%BD%A0%E5%A5%BD; Response: status=200
2014-10-11 15:28:57.328 [http-nio-8080-exec-15] INFO  com.p2p.global.LoggingFilter - Request: session id=4176D05A777486E5C99D1CC0B1C5E9C3; uri=/P2P/jsp
2014-10-11 15:28:57.329 [http-nio-8080-exec-15] INFO  com.p2p.global.LoggingFilter - Request: session id=4176D05A777486E5C99D1CC0B1C5E9C3; uri=/P2P/jsp; Response: status=200
2014-10-11 15:29:48.272 [http-nio-8080-exec-21] INFO  com.p2p.global.LoggingFilter - Request: session id=4176D05A777486E5C99D1CC0B1C5E9C3; uri=/P2P/jsp?name=%E4%BD%A0%E5%A5%BD
2014-10-11 15:29:48.272 [http-nio-8080-exec-21] INFO  com.p2p.global.LoggingFilter - Request: session id=4176D05A777486E5C99D1CC0B1C5E9C3; uri=/P2P/jsp?name=%E4%BD%A0%E5%A5%BD; Response: status=200
2014-10-11 15:31:03.294 [ContainerBackgroundProcessor[StandardEngine[Catalina]]] INFO  o.s.w.c.s.XmlWebApplicationContext - Closing WebApplicationContext for namespace 'dispatcher-servlet': startup date [Sat Oct 11 15:28:46 CST 2014]; parent: Root WebApplicationContext
2014-10-11 15:31:03.294 [ContainerBackgroundProcessor[StandardEngine[Catalina]]] INFO  o.s.w.c.s.XmlWebApplicationContext - Closing Root WebApplicationContext: startup date [Sat Oct 11 15:28:45 CST 2014]; root of context hierarchy
2014-10-11 15:31:04.618 [ContainerBackgroundProcessor[StandardEngine[Catalina]]] INFO  o.s.web.context.ContextLoader - Root WebApplicationContext: initialization started
2014-10-11 15:31:04.638 [ContainerBackgroundProcessor[StandardEngine[Catalina]]] INFO  o.s.w.c.s.XmlWebApplicationContext - Refreshing Root WebApplicationContext: startup date [Sat Oct 11 15:31:04 CST 2014]; root of context hierarchy
2014-10-11 15:31:04.678 [ContainerBackgroundProcessor[StandardEngine[Catalina]]] INFO  o.s.b.f.xml.XmlBeanDefinitionReader - Loading XML bean definitions from ServletContext resource [/WEB-INF/dispatcher-servlet.xml]
2014-10-11 15:31:05.238 [ContainerBackgroundProcessor[StandardEngine[Catalina]]] INFO  o.s.w.s.m.m.a.RequestMappingHandlerMapping - Mapped "{[/err],methods=[],params=[],headers=[],consumes=[],produces=[],custom=[]}" onto public java.lang.String com.p2p.controller.TestController.err(java.lang.String,org.springframework.ui.Model)
2014-10-11 15:31:05.238 [ContainerBackgroundProcessor[StandardEngine[Catalina]]] INFO  o.s.w.s.m.m.a.RequestMappingHandlerMapping - Mapped "{[/string],methods=[],params=[],headers=[],consumes=[],produces=[],custom=[]}" onto public java.lang.String com.p2p.controller.TestController.string(java.lang.String,org.springframework.ui.Model)
2014-10-11 15:31:05.238 [ContainerBackgroundProcessor[StandardEngine[Catalina]]] INFO  o.s.w.s.m.m.a.RequestMappingHandlerMapping - Mapped "{[/jsp],methods=[],params=[],headers=[],consumes=[],produces=[],custom=[]}" onto public java.lang.String com.p2p.controller.TestController.jsp(java.lang.String,org.springframework.ui.Model)
2014-10-11 15:31:05.238 [ContainerBackgroundProcessor[StandardEngine[Catalina]]] INFO  o.s.w.s.m.m.a.RequestMappingHandlerMapping - Mapped "{[/json],methods=[],params=[],headers=[],consumes=[],produces=[],custom=[]}" onto public java.util.Map<java.lang.String, java.lang.String> com.p2p.controller.TestController.json(java.lang.String,org.springframework.ui.Model)
2014-10-11 15:31:05.238 [ContainerBackgroundProcessor[StandardEngine[Catalina]]] INFO  o.s.w.s.m.m.a.RequestMappingHandlerMapping - Mapped "{[/errjsp],methods=[],params=[],headers=[],consumes=[],produces=[],custom=[]}" onto public java.lang.String com.p2p.controller.TestController.errjsp(java.lang.String,org.springframework.ui.Model)
2014-10-11 15:31:05.468 [ContainerBackgroundProcessor[StandardEngine[Catalina]]] INFO  o.s.w.s.m.m.a.RequestMappingHandlerAdapter - Looking for @ControllerAdvice: Root WebApplicationContext: startup date [Sat Oct 11 15:31:04 CST 2014]; root of context hierarchy
2014-10-11 15:31:05.538 [ContainerBackgroundProcessor[StandardEngine[Catalina]]] INFO  o.s.web.context.ContextLoader - Root WebApplicationContext: initialization completed in 910 ms
2014-10-11 15:31:05.538 [ContainerBackgroundProcessor[StandardEngine[Catalina]]] INFO  o.s.web.servlet.DispatcherServlet - FrameworkServlet 'dispatcher': initialization started
2014-10-11 15:31:05.538 [ContainerBackgroundProcessor[StandardEngine[Catalina]]] INFO  o.s.w.c.s.XmlWebApplicationContext - Refreshing WebApplicationContext for namespace 'dispatcher-servlet': startup date [Sat Oct 11 15:31:05 CST 2014]; parent: Root WebApplicationContext
2014-10-11 15:31:05.539 [ContainerBackgroundProcessor[StandardEngine[Catalina]]] INFO  o.s.b.f.xml.XmlBeanDefinitionReader - Loading XML bean definitions from ServletContext resource [/WEB-INF/dispatcher-servlet.xml]
2014-10-11 15:31:05.615 [ContainerBackgroundProcessor[StandardEngine[Catalina]]] INFO  o.s.w.s.m.m.a.RequestMappingHandlerMapping - Mapped "{[/err],methods=[],params=[],headers=[],consumes=[],produces=[],custom=[]}" onto public java.lang.String com.p2p.controller.TestController.err(java.lang.String,org.springframework.ui.Model)
2014-10-11 15:31:05.615 [ContainerBackgroundProcessor[StandardEngine[Catalina]]] INFO  o.s.w.s.m.m.a.RequestMappingHandlerMapping - Mapped "{[/string],methods=[],params=[],headers=[],consumes=[],produces=[],custom=[]}" onto public java.lang.String com.p2p.controller.TestController.string(java.lang.String,org.springframework.ui.Model)
2014-10-11 15:31:05.615 [ContainerBackgroundProcessor[StandardEngine[Catalina]]] INFO  o.s.w.s.m.m.a.RequestMappingHandlerMapping - Mapped "{[/jsp],methods=[],params=[],headers=[],consumes=[],produces=[],custom=[]}" onto public java.lang.String com.p2p.controller.TestController.jsp(java.lang.String,org.springframework.ui.Model)
2014-10-11 15:31:05.615 [ContainerBackgroundProcessor[StandardEngine[Catalina]]] INFO  o.s.w.s.m.m.a.RequestMappingHandlerMapping - Mapped "{[/json],methods=[],params=[],headers=[],consumes=[],produces=[],custom=[]}" onto public java.util.Map<java.lang.String, java.lang.String> com.p2p.controller.TestController.json(java.lang.String,org.springframework.ui.Model)
2014-10-11 15:31:05.615 [ContainerBackgroundProcessor[StandardEngine[Catalina]]] INFO  o.s.w.s.m.m.a.RequestMappingHandlerMapping - Mapped "{[/errjsp],methods=[],params=[],headers=[],consumes=[],produces=[],custom=[]}" onto public java.lang.String com.p2p.controller.TestController.errjsp(java.lang.String,org.springframework.ui.Model)
2014-10-11 15:31:05.635 [ContainerBackgroundProcessor[StandardEngine[Catalina]]] INFO  o.s.w.s.m.m.a.RequestMappingHandlerAdapter - Looking for @ControllerAdvice: WebApplicationContext for namespace 'dispatcher-servlet': startup date [Sat Oct 11 15:31:05 CST 2014]; parent: Root WebApplicationContext
2014-10-11 15:31:05.665 [ContainerBackgroundProcessor[StandardEngine[Catalina]]] INFO  o.s.web.servlet.DispatcherServlet - FrameworkServlet 'dispatcher': initialization completed in 127 ms
2014-10-11 15:31:09.564 [http-nio-8080-exec-23] INFO  com.p2p.global.LoggingFilter - Request: session id=4176D05A777486E5C99D1CC0B1C5E9C3; uri=/P2P/jsp?name=%E4%BD%A0%E5%A5%BD
2014-10-11 15:31:09.605 [http-nio-8080-exec-23] INFO  com.p2p.global.LoggingFilter - Request: session id=4176D05A777486E5C99D1CC0B1C5E9C3; uri=/P2P/jsp?name=%E4%BD%A0%E5%A5%BD; Response: status=200
2014-10-11 15:31:10.908 [http-nio-8080-exec-30] INFO  com.p2p.global.LoggingFilter - Request: session id=4176D05A777486E5C99D1CC0B1C5E9C3; uri=/P2P/jsp?name=%E4%BD%A0%E5%A5%BD
2014-10-11 15:31:10.908 [http-nio-8080-exec-30] INFO  com.p2p.global.LoggingFilter - Request: session id=4176D05A777486E5C99D1CC0B1C5E9C3; uri=/P2P/jsp?name=%E4%BD%A0%E5%A5%BD; Response: status=200
2014-10-11 15:31:26.582 [ContainerBackgroundProcessor[StandardEngine[Catalina]]] INFO  o.s.w.c.s.XmlWebApplicationContext - Closing WebApplicationContext for namespace 'dispatcher-servlet': startup date [Sat Oct 11 15:31:05 CST 2014]; parent: Root WebApplicationContext
2014-10-11 15:31:26.582 [ContainerBackgroundProcessor[StandardEngine[Catalina]]] INFO  o.s.w.c.s.XmlWebApplicationContext - Closing Root WebApplicationContext: startup date [Sat Oct 11 15:31:04 CST 2014]; root of context hierarchy
2014-10-11 15:31:27.945 [ContainerBackgroundProcessor[StandardEngine[Catalina]]] INFO  o.s.web.context.ContextLoader - Root WebApplicationContext: initialization started
2014-10-11 15:31:27.965 [ContainerBackgroundProcessor[StandardEngine[Catalina]]] INFO  o.s.w.c.s.XmlWebApplicationContext - Refreshing Root WebApplicationContext: startup date [Sat Oct 11 15:31:27 CST 2014]; root of context hierarchy
2014-10-11 15:31:28.005 [ContainerBackgroundProcessor[StandardEngine[Catalina]]] INFO  o.s.b.f.xml.XmlBeanDefinitionReader - Loading XML bean definitions from ServletContext resource [/WEB-INF/dispatcher-servlet.xml]
2014-10-11 15:31:28.855 [ContainerBackgroundProcessor[StandardEngine[Catalina]]] INFO  o.s.w.s.m.m.a.RequestMappingHandlerMapping - Mapped "{[/err],methods=[],params=[],headers=[],consumes=[],produces=[],custom=[]}" onto public java.lang.String com.p2p.controller.TestController.err(java.lang.String,org.springframework.ui.Model)
2014-10-11 15:31:28.855 [ContainerBackgroundProcessor[StandardEngine[Catalina]]] INFO  o.s.w.s.m.m.a.RequestMappingHandlerMapping - Mapped "{[/string],methods=[],params=[],headers=[],consumes=[],produces=[],custom=[]}" onto public java.lang.String com.p2p.controller.TestController.string(java.lang.String,org.springframework.ui.Model)
2014-10-11 15:31:28.855 [ContainerBackgroundProcessor[StandardEngine[Catalina]]] INFO  o.s.w.s.m.m.a.RequestMappingHandlerMapping - Mapped "{[/jsp],methods=[],params=[],headers=[],consumes=[],produces=[],custom=[]}" onto public java.lang.String com.p2p.controller.TestController.jsp(java.lang.String,org.springframework.ui.Model)
2014-10-11 15:31:28.855 [ContainerBackgroundProcessor[StandardEngine[Catalina]]] INFO  o.s.w.s.m.m.a.RequestMappingHandlerMapping - Mapped "{[/json],methods=[],params=[],headers=[],consumes=[],produces=[],custom=[]}" onto public java.util.Map<java.lang.String, java.lang.String> com.p2p.controller.TestController.json(java.lang.String,org.springframework.ui.Model)
2014-10-11 15:31:28.855 [ContainerBackgroundProcessor[StandardEngine[Catalina]]] INFO  o.s.w.s.m.m.a.RequestMappingHandlerMapping - Mapped "{[/errjsp],methods=[],params=[],headers=[],consumes=[],produces=[],custom=[]}" onto public java.lang.String com.p2p.controller.TestController.errjsp(java.lang.String,org.springframework.ui.Model)
2014-10-11 15:31:29.106 [ContainerBackgroundProcessor[StandardEngine[Catalina]]] INFO  o.s.w.s.m.m.a.RequestMappingHandlerAdapter - Looking for @ControllerAdvice: Root WebApplicationContext: startup date [Sat Oct 11 15:31:27 CST 2014]; root of context hierarchy
2014-10-11 15:31:29.176 [ContainerBackgroundProcessor[StandardEngine[Catalina]]] INFO  o.s.web.context.ContextLoader - Root WebApplicationContext: initialization completed in 1231 ms
2014-10-11 15:31:29.176 [ContainerBackgroundProcessor[StandardEngine[Catalina]]] INFO  o.s.web.servlet.DispatcherServlet - FrameworkServlet 'dispatcher': initialization started
2014-10-11 15:31:29.176 [ContainerBackgroundProcessor[StandardEngine[Catalina]]] INFO  o.s.w.c.s.XmlWebApplicationContext - Refreshing WebApplicationContext for namespace 'dispatcher-servlet': startup date [Sat Oct 11 15:31:29 CST 2014]; parent: Root WebApplicationContext
2014-10-11 15:31:29.176 [ContainerBackgroundProcessor[StandardEngine[Catalina]]] INFO  o.s.b.f.xml.XmlBeanDefinitionReader - Loading XML bean definitions from ServletContext resource [/WEB-INF/dispatcher-servlet.xml]
2014-10-11 15:31:29.257 [ContainerBackgroundProcessor[StandardEngine[Catalina]]] INFO  o.s.w.s.m.m.a.RequestMappingHandlerMapping - Mapped "{[/err],methods=[],params=[],headers=[],consumes=[],produces=[],custom=[]}" onto public java.lang.String com.p2p.controller.TestController.err(java.lang.String,org.springframework.ui.Model)
2014-10-11 15:31:29.257 [ContainerBackgroundProcessor[StandardEngine[Catalina]]] INFO  o.s.w.s.m.m.a.RequestMappingHandlerMapping - Mapped "{[/string],methods=[],params=[],headers=[],consumes=[],produces=[],custom=[]}" onto public java.lang.String com.p2p.controller.TestController.string(java.lang.String,org.springframework.ui.Model)
2014-10-11 15:31:29.257 [ContainerBackgroundProcessor[StandardEngine[Catalina]]] INFO  o.s.w.s.m.m.a.RequestMappingHandlerMapping - Mapped "{[/jsp],methods=[],params=[],headers=[],consumes=[],produces=[],custom=[]}" onto public java.lang.String com.p2p.controller.TestController.jsp(java.lang.String,org.springframework.ui.Model)
2014-10-11 15:31:29.257 [ContainerBackgroundProcessor[StandardEngine[Catalina]]] INFO  o.s.w.s.m.m.a.RequestMappingHandlerMapping - Mapped "{[/json],methods=[],params=[],headers=[],consumes=[],produces=[],custom=[]}" onto public java.util.Map<java.lang.String, java.lang.String> com.p2p.controller.TestController.json(java.lang.String,org.springframework.ui.Model)
2014-10-11 15:31:29.257 [ContainerBackgroundProcessor[StandardEngine[Catalina]]] INFO  o.s.w.s.m.m.a.RequestMappingHandlerMapping - Mapped "{[/errjsp],methods=[],params=[],headers=[],consumes=[],produces=[],custom=[]}" onto public java.lang.String com.p2p.controller.TestController.errjsp(java.lang.String,org.springframework.ui.Model)
2014-10-11 15:31:29.267 [ContainerBackgroundProcessor[StandardEngine[Catalina]]] INFO  o.s.w.s.m.m.a.RequestMappingHandlerAdapter - Looking for @ControllerAdvice: WebApplicationContext for namespace 'dispatcher-servlet': startup date [Sat Oct 11 15:31:29 CST 2014]; parent: Root WebApplicationContext
2014-10-11 15:31:29.297 [ContainerBackgroundProcessor[StandardEngine[Catalina]]] INFO  o.s.web.servlet.DispatcherServlet - FrameworkServlet 'dispatcher': initialization completed in 121 ms
2014-10-11 15:31:38.861 [http-nio-8080-exec-27] INFO  com.p2p.global.LoggingFilter - Request: session id=4176D05A777486E5C99D1CC0B1C5E9C3; uri=/P2P/jsp?name=%E4%BD%A0%E5%A5%BD
2014-10-11 15:31:38.902 [http-nio-8080-exec-27] INFO  com.p2p.global.LoggingFilter - Request: session id=4176D05A777486E5C99D1CC0B1C5E9C3; uri=/P2P/jsp?name=%E4%BD%A0%E5%A5%BD; Response: status=200
2014-10-11 15:33:43.719 [http-nio-8080-exec-35] INFO  com.p2p.global.LoggingFilter - Request: session id=4176D05A777486E5C99D1CC0B1C5E9C3; uri=/P2P/jsp?name=%E4%BD%A0%E5%A5%BD
2014-10-11 15:33:44.106 [http-nio-8080-exec-35] INFO  com.p2p.global.LoggingFilter - Request: session id=4176D05A777486E5C99D1CC0B1C5E9C3; uri=/P2P/jsp?name=%E4%BD%A0%E5%A5%BD; Response: status=200
2014-10-11 15:34:28.992 [http-nio-8080-exec-40] INFO  com.p2p.global.LoggingFilter - Request: session id=4176D05A777486E5C99D1CC0B1C5E9C3; uri=/P2P/jsp?name=%E4%BD%A0%E5%A5%BD
2014-10-11 15:34:29.069 [http-nio-8080-exec-40] INFO  com.p2p.global.LoggingFilter - Request: session id=4176D05A777486E5C99D1CC0B1C5E9C3; uri=/P2P/jsp?name=%E4%BD%A0%E5%A5%BD; Response: status=200
2014-10-11 15:55:48.971 [http-nio-8080-exec-38] INFO  com.p2p.global.LoggingFilter - Request: session id=4176D05A777486E5C99D1CC0B1C5E9C3; uri=/P2P/jssp?name=%E4%BD%A0%E5%A5%BD
2014-10-11 15:55:48.971 [http-nio-8080-exec-38] WARN  o.s.web.servlet.PageNotFound - No mapping found for HTTP request with URI [/P2P/jssp] in DispatcherServlet with name 'dispatcher'
2014-10-11 15:55:48.971 [http-nio-8080-exec-38] INFO  com.p2p.global.LoggingFilter - Request: session id=4176D05A777486E5C99D1CC0B1C5E9C3; uri=/P2P/jssp?name=%E4%BD%A0%E5%A5%BD; Response: status=404
2014-10-11 15:55:53.788 [http-nio-8080-exec-40] INFO  com.p2p.global.LoggingFilter - Request: session id=4176D05A777486E5C99D1CC0B1C5E9C3; uri=/P2P/err
2014-10-11 15:55:53.799 [http-nio-8080-exec-40] ERROR com.p2p.global.ExceptionInterceptor - 
java.lang.RuntimeException: 发生错误
	at com.p2p.controller.TestController.err(TestController.java:54) ~[TestController.class:na]
	at sun.reflect.NativeMethodAccessorImpl.invoke0(Native Method) ~[na:1.7.0_40]
	at sun.reflect.NativeMethodAccessorImpl.invoke(NativeMethodAccessorImpl.java:57) ~[na:1.7.0_40]
	at sun.reflect.DelegatingMethodAccessorImpl.invoke(DelegatingMethodAccessorImpl.java:43) ~[na:1.7.0_40]
	at java.lang.reflect.Method.invoke(Method.java:606) ~[na:1.7.0_40]
	at org.springframework.web.method.support.InvocableHandlerMethod.invoke(InvocableHandlerMethod.java:215) ~[InvocableHandlerMethod.class:4.1.0.RELEASE]
	at org.springframework.web.method.support.InvocableHandlerMethod.invokeForRequest(InvocableHandlerMethod.java:132) ~[InvocableHandlerMethod.class:4.1.0.RELEASE]
	at org.springframework.web.servlet.mvc.method.annotation.ServletInvocableHandlerMethod.invokeAndHandle(ServletInvocableHandlerMethod.java:104) ~[ServletInvocableHandlerMethod.class:4.1.0.RELEASE]
	at org.springframework.web.servlet.mvc.method.annotation.RequestMappingHandlerAdapter.invokeHandleMethod(RequestMappingHandlerAdapter.java:781) ~[RequestMappingHandlerAdapter.class:4.1.0.RELEASE]
	at org.springframework.web.servlet.mvc.method.annotation.RequestMappingHandlerAdapter.handleInternal(RequestMappingHandlerAdapter.java:721) ~[RequestMappingHandlerAdapter.class:4.1.0.RELEASE]
	at org.springframework.web.servlet.mvc.method.AbstractHandlerMethodAdapter.handle(AbstractHandlerMethodAdapter.java:83) ~[AbstractHandlerMethodAdapter.class:4.1.0.RELEASE]
	at org.springframework.web.servlet.DispatcherServlet.doDispatch(DispatcherServlet.java:943) [DispatcherServlet.class:4.1.0.RELEASE]
	at org.springframework.web.servlet.DispatcherServlet.doService(DispatcherServlet.java:877) [DispatcherServlet.class:4.1.0.RELEASE]
	at org.springframework.web.servlet.FrameworkServlet.processRequest(FrameworkServlet.java:961) [FrameworkServlet.class:4.1.0.RELEASE]
	at org.springframework.web.servlet.FrameworkServlet.doGet(FrameworkServlet.java:852) [FrameworkServlet.class:4.1.0.RELEASE]
	at javax.servlet.http.HttpServlet.service(HttpServlet.java:618) [servlet-api.jar:na]
	at org.springframework.web.servlet.FrameworkServlet.service(FrameworkServlet.java:837) [FrameworkServlet.class:4.1.0.RELEASE]
	at javax.servlet.http.HttpServlet.service(HttpServlet.java:725) [servlet-api.jar:na]
	at org.apache.catalina.core.ApplicationFilterChain.internalDoFilter(ApplicationFilterChain.java:291) [catalina.jar:8.0.12]
	at org.apache.catalina.core.ApplicationFilterChain.doFilter(ApplicationFilterChain.java:206) [catalina.jar:8.0.12]
	at org.springframework.web.filter.CharacterEncodingFilter.doFilterInternal(CharacterEncodingFilter.java:88) [CharacterEncodingFilter.class:4.1.0.RELEASE]
	at org.springframework.web.filter.OncePerRequestFilter.doFilter(OncePerRequestFilter.java:107) [OncePerRequestFilter.class:4.1.0.RELEASE]
	at org.apache.catalina.core.ApplicationFilterChain.internalDoFilter(ApplicationFilterChain.java:239) [catalina.jar:8.0.12]
	at org.apache.catalina.core.ApplicationFilterChain.doFilter(ApplicationFilterChain.java:206) [catalina.jar:8.0.12]
	at com.p2p.global.LoggingFilter.doFilterInternal(LoggingFilter.java:29) [LoggingFilter.class:na]
	at org.springframework.web.filter.OncePerRequestFilter.doFilter(OncePerRequestFilter.java:107) [OncePerRequestFilter.class:4.1.0.RELEASE]
	at org.apache.catalina.core.ApplicationFilterChain.internalDoFilter(ApplicationFilterChain.java:239) [catalina.jar:8.0.12]
	at org.apache.catalina.core.ApplicationFilterChain.doFilter(ApplicationFilterChain.java:206) [catalina.jar:8.0.12]
	at org.apache.tomcat.websocket.server.WsFilter.doFilter(WsFilter.java:52) [tomcat-websocket.jar:8.0.12]
	at org.apache.catalina.core.ApplicationFilterChain.internalDoFilter(ApplicationFilterChain.java:239) [catalina.jar:8.0.12]
	at org.apache.catalina.core.ApplicationFilterChain.doFilter(ApplicationFilterChain.java:206) [catalina.jar:8.0.12]
	at org.apache.catalina.core.StandardWrapperValve.invoke(StandardWrapperValve.java:219) [catalina.jar:8.0.12]
	at org.apache.catalina.core.StandardContextValve.invoke(StandardContextValve.java:106) [catalina.jar:8.0.12]
	at org.apache.catalina.authenticator.AuthenticatorBase.invoke(AuthenticatorBase.java:505) [catalina.jar:8.0.12]
	at org.apache.catalina.core.StandardHostValve.invoke(StandardHostValve.java:142) [catalina.jar:8.0.12]
	at org.apache.catalina.valves.ErrorReportValve.invoke(ErrorReportValve.java:79) [catalina.jar:8.0.12]
	at org.apache.catalina.valves.AbstractAccessLogValve.invoke(AbstractAccessLogValve.java:610) [catalina.jar:8.0.12]
	at org.apache.catalina.core.StandardEngineValve.invoke(StandardEngineValve.java:88) [catalina.jar:8.0.12]
	at org.apache.catalina.connector.CoyoteAdapter.service(CoyoteAdapter.java:534) [catalina.jar:8.0.12]
	at org.apache.coyote.http11.AbstractHttp11Processor.process(AbstractHttp11Processor.java:1081) [tomcat-coyote.jar:8.0.12]
	at org.apache.coyote.AbstractProtocol$AbstractConnectionHandler.process(AbstractProtocol.java:658) [tomcat-coyote.jar:8.0.12]
	at org.apache.coyote.http11.Http11NioProtocol$Http11ConnectionHandler.process(Http11NioProtocol.java:222) [tomcat-coyote.jar:8.0.12]
	at org.apache.tomcat.util.net.NioEndpoint$SocketProcessor.doRun(NioEndpoint.java:1566) [tomcat-coyote.jar:8.0.12]
	at org.apache.tomcat.util.net.NioEndpoint$SocketProcessor.run(NioEndpoint.java:1523) [tomcat-coyote.jar:8.0.12]
	at java.util.concurrent.ThreadPoolExecutor.runWorker(ThreadPoolExecutor.java:1145) [na:1.7.0_40]
	at java.util.concurrent.ThreadPoolExecutor$Worker.run(ThreadPoolExecutor.java:615) [na:1.7.0_40]
	at org.apache.tomcat.util.threads.TaskThread$WrappingRunnable.run(TaskThread.java:61) [tomcat-util.jar:8.0.12]
	at java.lang.Thread.run(Thread.java:724) [na:1.7.0_40]
2014-10-11 15:55:53.800 [http-nio-8080-exec-40] INFO  com.p2p.global.LoggingFilter - Request: session id=4176D05A777486E5C99D1CC0B1C5E9C3; uri=/P2P/err; Response: status=200
2014-10-11 16:30:06.156 [http-nio-8080-exec-43] INFO  com.p2p.global.LoggingFilter - Request: uri=/P2P/jsp
2014-10-11 16:30:06.161 [http-nio-8080-exec-43] INFO  com.p2p.global.LoggingFilter - Request: uri=/P2P/jsp; Response: status=200
2014-10-11 16:30:09.848 [http-nio-8080-exec-36] INFO  com.p2p.global.LoggingFilter - Request: session id=9F6A81F2051B237A593A217EFC502B3C; uri=/P2P/string?name=%E4%BD%A0%E5%A5%BD
2014-10-11 16:30:09.848 [http-nio-8080-exec-36] INFO  com.p2p.global.Logger - 你好
2014-10-11 16:30:09.854 [http-nio-8080-exec-36] INFO  com.p2p.global.LoggingFilter - Request: session id=9F6A81F2051B237A593A217EFC502B3C; uri=/P2P/string?name=%E4%BD%A0%E5%A5%BD; Response: status=200
2014-10-11 16:30:13.252 [http-nio-8080-exec-37] INFO  com.p2p.global.LoggingFilter - Request: session id=9F6A81F2051B237A593A217EFC502B3C; uri=/P2P/json?name=%E4%BD%A0%E5%A5%BD
2014-10-11 16:30:13.277 [http-nio-8080-exec-37] INFO  com.p2p.global.LoggingFilter - Request: session id=9F6A81F2051B237A593A217EFC502B3C; uri=/P2P/json?name=%E4%BD%A0%E5%A5%BD; Response: status=200
2014-10-11 16:50:07.599 [http-nio-8080-exec-39] INFO  com.p2p.global.LoggingFilter - Request: session id=9F6A81F2051B237A593A217EFC502B3C; uri=/P2P/index.html
2014-10-11 16:50:07.699 [http-nio-8080-exec-39] INFO  com.p2p.global.LoggingFilter - Request: session id=9F6A81F2051B237A593A217EFC502B3C; uri=/P2P/index.html; Response: status=200
2014-10-11 16:50:40.267 [http-nio-8080-exec-34] INFO  com.p2p.global.LoggingFilter - Request: session id=9F6A81F2051B237A593A217EFC502B3C; uri=/P2P/index.html
2014-10-11 16:50:40.267 [http-nio-8080-exec-34] INFO  com.p2p.global.LoggingFilter - Request: session id=9F6A81F2051B237A593A217EFC502B3C; uri=/P2P/index.html; Response: status=200
2014-10-11 16:50:41.922 [http-nio-8080-exec-41] INFO  com.p2p.global.LoggingFilter - Request: session id=9F6A81F2051B237A593A217EFC502B3C; uri=/P2P/index.html?p=
2014-10-11 16:50:41.923 [http-nio-8080-exec-41] INFO  com.p2p.global.LoggingFilter - Request: session id=9F6A81F2051B237A593A217EFC502B3C; uri=/P2P/index.html?p=; Response: status=200
2014-10-11 16:50:44.178 [http-nio-8080-exec-39] INFO  com.p2p.global.LoggingFilter - Request: session id=9F6A81F2051B237A593A217EFC502B3C; uri=/P2P/index.html?p=abc
2014-10-11 16:50:44.178 [http-nio-8080-exec-39] INFO  com.p2p.global.LoggingFilter - Request: session id=9F6A81F2051B237A593A217EFC502B3C; uri=/P2P/index.html?p=abc; Response: status=200
2014-10-11 16:50:48.634 [http-nio-8080-exec-38] INFO  com.p2p.global.LoggingFilter - Request: session id=9F6A81F2051B237A593A217EFC502B3C; uri=/P2P/index.html?p=abc
2014-10-11 16:50:48.634 [http-nio-8080-exec-38] INFO  com.p2p.global.LoggingFilter - Request: session id=9F6A81F2051B237A593A217EFC502B3C; uri=/P2P/index.html?p=abc; Response: status=304
2014-10-11 16:51:01.005 [http-nio-8080-exec-37] INFO  com.p2p.global.LoggingFilter - Request: session id=9F6A81F2051B237A593A217EFC502B3C; uri=/P2P/index.html?p=aaaaaaaaaa
2014-10-11 16:51:01.005 [http-nio-8080-exec-37] INFO  com.p2p.global.LoggingFilter - Request: session id=9F6A81F2051B237A593A217EFC502B3C; uri=/P2P/index.html?p=aaaaaaaaaa; Response: status=200
2014-10-11 16:51:40.150 [http-nio-8080-exec-39] INFO  com.p2p.global.LoggingFilter - Request: session id=9F6A81F2051B237A593A217EFC502B3C; uri=/P2P/index.html?p=aaaaaaaaaa
2014-10-11 16:51:40.150 [http-nio-8080-exec-39] INFO  com.p2p.global.LoggingFilter - Request: session id=9F6A81F2051B237A593A217EFC502B3C; uri=/P2P/index.html?p=aaaaaaaaaa; Response: status=200
2014-10-11 16:51:55.857 [http-nio-8080-exec-43] INFO  com.p2p.global.LoggingFilter - Request: session id=9F6A81F2051B237A593A217EFC502B3C; uri=/P2P/index.html?p=aaaaaaaaaa
2014-10-11 16:51:55.857 [http-nio-8080-exec-43] INFO  com.p2p.global.LoggingFilter - Request: session id=9F6A81F2051B237A593A217EFC502B3C; uri=/P2P/index.html?p=aaaaaaaaaa; Response: status=200
2014-10-11 16:51:59.117 [http-nio-8080-exec-37] INFO  com.p2p.global.LoggingFilter - Request: session id=9F6A81F2051B237A593A217EFC502B3C; uri=/P2P/index.html?p=aaaaaaaaaa
2014-10-11 16:51:59.117 [http-nio-8080-exec-37] INFO  com.p2p.global.LoggingFilter - Request: session id=9F6A81F2051B237A593A217EFC502B3C; uri=/P2P/index.html?p=aaaaaaaaaa; Response: status=304
2014-10-11 16:51:59.324 [http-nio-8080-exec-40] INFO  com.p2p.global.LoggingFilter - Request: session id=9F6A81F2051B237A593A217EFC502B3C; uri=/P2P/index.html?p=aaaaaaaaaa
2014-10-11 16:51:59.324 [http-nio-8080-exec-40] INFO  com.p2p.global.LoggingFilter - Request: session id=9F6A81F2051B237A593A217EFC502B3C; uri=/P2P/index.html?p=aaaaaaaaaa; Response: status=304
2014-10-11 16:52:12.665 [http-nio-8080-exec-41] INFO  com.p2p.global.LoggingFilter - Request: session id=9F6A81F2051B237A593A217EFC502B3C; uri=/P2P/index.html?p=aaaaaaaaaa
2014-10-11 16:52:12.665 [http-nio-8080-exec-41] INFO  com.p2p.global.LoggingFilter - Request: session id=9F6A81F2051B237A593A217EFC502B3C; uri=/P2P/index.html?p=aaaaaaaaaa; Response: status=200
2014-10-11 16:52:13.721 [http-nio-8080-exec-39] INFO  com.p2p.global.LoggingFilter - Request: session id=9F6A81F2051B237A593A217EFC502B3C; uri=/P2P/index.html?p=aaaaaaaaaa
2014-10-11 16:52:13.721 [http-nio-8080-exec-39] INFO  com.p2p.global.LoggingFilter - Request: session id=9F6A81F2051B237A593A217EFC502B3C; uri=/P2P/index.html?p=aaaaaaaaaa; Response: status=304
2014-10-11 16:52:13.926 [http-nio-8080-exec-42] INFO  com.p2p.global.LoggingFilter - Request: session id=9F6A81F2051B237A593A217EFC502B3C; uri=/P2P/index.html?p=aaaaaaaaaa
2014-10-11 16:52:13.927 [http-nio-8080-exec-42] INFO  com.p2p.global.LoggingFilter - Request: session id=9F6A81F2051B237A593A217EFC502B3C; uri=/P2P/index.html?p=aaaaaaaaaa; Response: status=304
2014-10-11 16:52:14.142 [http-nio-8080-exec-38] INFO  com.p2p.global.LoggingFilter - Request: session id=9F6A81F2051B237A593A217EFC502B3C; uri=/P2P/index.html?p=aaaaaaaaaa
2014-10-11 16:52:14.143 [http-nio-8080-exec-38] INFO  com.p2p.global.LoggingFilter - Request: session id=9F6A81F2051B237A593A217EFC502B3C; uri=/P2P/index.html?p=aaaaaaaaaa; Response: status=304
2014-10-11 16:52:50.941 [http-nio-8080-exec-39] INFO  com.p2p.global.LoggingFilter - Request: session id=9F6A81F2051B237A593A217EFC502B3C; uri=/P2P/index.html?p=aaaaaaaaaa
2014-10-11 16:52:50.941 [http-nio-8080-exec-39] INFO  com.p2p.global.LoggingFilter - Request: session id=9F6A81F2051B237A593A217EFC502B3C; uri=/P2P/index.html?p=aaaaaaaaaa; Response: status=200
2014-10-11 16:52:54.955 [http-nio-8080-exec-42] INFO  com.p2p.global.LoggingFilter - Request: session id=9F6A81F2051B237A593A217EFC502B3C; uri=/P2P/index.html?p=aaaaaaaaaa
2014-10-11 16:52:54.955 [http-nio-8080-exec-42] INFO  com.p2p.global.LoggingFilter - Request: session id=9F6A81F2051B237A593A217EFC502B3C; uri=/P2P/index.html?p=aaaaaaaaaa; Response: status=304
2014-10-11 16:52:58.825 [http-nio-8080-exec-43] INFO  com.p2p.global.LoggingFilter - Request: session id=9F6A81F2051B237A593A217EFC502B3C; uri=/P2P/index.html
2014-10-11 16:52:58.825 [http-nio-8080-exec-43] INFO  com.p2p.global.LoggingFilter - Request: session id=9F6A81F2051B237A593A217EFC502B3C; uri=/P2P/index.html; Response: status=200
2014-10-11 16:53:02.021 [http-nio-8080-exec-34] INFO  com.p2p.global.LoggingFilter - Request: session id=9F6A81F2051B237A593A217EFC502B3C; content type=application/x-www-form-urlencoded; uri=/P2P/404.html
2014-10-11 16:53:02.021 [http-nio-8080-exec-34] INFO  com.p2p.global.LoggingFilter - Request: session id=9F6A81F2051B237A593A217EFC502B3C; content type=application/x-www-form-urlencoded; uri=/P2P/404.html; Response: status=200
2014-10-11 16:53:09.207 [http-nio-8080-exec-35] INFO  com.p2p.global.LoggingFilter - Request: session id=9F6A81F2051B237A593A217EFC502B3C; content type=application/x-www-form-urlencoded; uri=/P2P/index.html
2014-10-11 16:53:09.207 [http-nio-8080-exec-35] INFO  com.p2p.global.LoggingFilter - Request: session id=9F6A81F2051B237A593A217EFC502B3C; content type=application/x-www-form-urlencoded; uri=/P2P/index.html; Response: status=200
2014-10-11 16:53:19.911 [http-nio-8080-exec-42] INFO  com.p2p.global.LoggingFilter - Request: uri=/P2P/index.html
2014-10-11 16:53:19.911 [http-nio-8080-exec-42] INFO  com.p2p.global.LoggingFilter - Request: uri=/P2P/index.html; Response: status=200
2014-10-11 16:53:22.119 [http-nio-8080-exec-38] INFO  com.p2p.global.LoggingFilter - Request: content type=application/x-www-form-urlencoded; uri=/P2P/404.html
2014-10-11 16:53:22.119 [http-nio-8080-exec-38] INFO  com.p2p.global.LoggingFilter - Request: content type=application/x-www-form-urlencoded; uri=/P2P/404.html; Response: status=200
2014-10-11 16:53:29.735 [http-nio-8080-exec-37] INFO  com.p2p.global.LoggingFilter - Request: content type=application/x-www-form-urlencoded; uri=/P2P/index.html
2014-10-11 16:53:29.735 [http-nio-8080-exec-37] INFO  com.p2p.global.LoggingFilter - Request: content type=application/x-www-form-urlencoded; uri=/P2P/index.html; Response: status=200
2014-10-11 16:54:10.352 [http-nio-8080-exec-39] INFO  com.p2p.global.LoggingFilter - Request: session id=9F6A81F2051B237A593A217EFC502B3C; content type=application/x-www-form-urlencoded; uri=/P2P/index.html
2014-10-11 16:54:10.353 [http-nio-8080-exec-39] INFO  com.p2p.global.LoggingFilter - Request: session id=9F6A81F2051B237A593A217EFC502B3C; content type=application/x-www-form-urlencoded; uri=/P2P/index.html; Response: status=200
2014-10-11 16:54:12.215 [http-nio-8080-exec-42] INFO  com.p2p.global.LoggingFilter - Request: session id=9F6A81F2051B237A593A217EFC502B3C; uri=/P2P/index.html
2014-10-11 16:54:12.215 [http-nio-8080-exec-42] INFO  com.p2p.global.LoggingFilter - Request: session id=9F6A81F2051B237A593A217EFC502B3C; uri=/P2P/index.html; Response: status=200
2014-10-11 16:54:15.205 [http-nio-8080-exec-38] INFO  com.p2p.global.LoggingFilter - Request: session id=9F6A81F2051B237A593A217EFC502B3C; content type=application/x-www-form-urlencoded; uri=/P2P/404.html
2014-10-11 16:54:15.206 [http-nio-8080-exec-38] INFO  com.p2p.global.LoggingFilter - Request: session id=9F6A81F2051B237A593A217EFC502B3C; content type=application/x-www-form-urlencoded; uri=/P2P/404.html; Response: status=200
2014-10-11 16:54:55.334 [http-nio-8080-exec-34] INFO  com.p2p.global.LoggingFilter - Request: session id=9F6A81F2051B237A593A217EFC502B3C; uri=/P2P/404.html
2014-10-11 16:54:55.334 [http-nio-8080-exec-34] INFO  com.p2p.global.LoggingFilter - Request: session id=9F6A81F2051B237A593A217EFC502B3C; uri=/P2P/404.html; Response: status=200
2014-10-11 16:54:57.605 [http-nio-8080-exec-35] INFO  com.p2p.global.LoggingFilter - Request: session id=9F6A81F2051B237A593A217EFC502B3C; content type=application/x-www-form-urlencoded; uri=/P2P/index.html
2014-10-11 16:54:57.605 [http-nio-8080-exec-35] INFO  com.p2p.global.LoggingFilter - Request: session id=9F6A81F2051B237A593A217EFC502B3C; content type=application/x-www-form-urlencoded; uri=/P2P/index.html; Response: status=200
2014-10-11 16:55:03.018 [http-nio-8080-exec-39] INFO  com.p2p.global.LoggingFilter - Request: session id=9F6A81F2051B237A593A217EFC502B3C; content type=application/x-www-form-urlencoded; uri=/P2P/404.html
2014-10-11 16:55:03.019 [http-nio-8080-exec-39] INFO  com.p2p.global.LoggingFilter - Request: session id=9F6A81F2051B237A593A217EFC502B3C; content type=application/x-www-form-urlencoded; uri=/P2P/404.html; Response: status=200
2014-10-11 16:55:06.318 [http-nio-8080-exec-38] INFO  com.p2p.global.LoggingFilter - Request: session id=9F6A81F2051B237A593A217EFC502B3C; uri=/P2P/404.html
2014-10-11 16:55:06.318 [http-nio-8080-exec-38] INFO  com.p2p.global.LoggingFilter - Request: session id=9F6A81F2051B237A593A217EFC502B3C; uri=/P2P/404.html; Response: status=200
2014-10-11 16:55:22.098 [http-nio-8080-exec-40] INFO  com.p2p.global.LoggingFilter - Request: session id=9F6A81F2051B237A593A217EFC502B3C; content type=application/x-www-form-urlencoded; uri=/P2P/index.html
2014-10-11 16:55:22.098 [http-nio-8080-exec-40] INFO  com.p2p.global.LoggingFilter - Request: session id=9F6A81F2051B237A593A217EFC502B3C; content type=application/x-www-form-urlencoded; uri=/P2P/index.html; Response: status=200
